[1.316s] Invoking command in '/home/elijah/sim_ws/src/sim_utils': PYTHONPATH=/home/elijah/sim_ws/build/sim_utils/prefix_override:/usr/lib/python3/dist-packages/colcon_core/task/python/colcon_distutils_commands:/home/elijah/sim_ws/install/sim_utils/lib/python3.10/site-packages:${PYTHONPATH} /usr/bin/python3 -W ignore:setup.py install is deprecated -W ignore:easy_install command is deprecated setup.py egg_info --egg-base ../../build/sim_utils build --build-base /home/elijah/sim_ws/build/sim_utils/build install --record /home/elijah/sim_ws/build/sim_utils/install.log --single-version-externally-managed install_data
[1.620s] running egg_info
[1.620s] writing ../../build/sim_utils/sim_utils.egg-info/PKG-INFO
[1.621s] writing dependency_links to ../../build/sim_utils/sim_utils.egg-info/dependency_links.txt
[1.621s] writing entry points to ../../build/sim_utils/sim_utils.egg-info/entry_points.txt
[1.621s] writing requirements to ../../build/sim_utils/sim_utils.egg-info/requires.txt
[1.621s] writing top-level names to ../../build/sim_utils/sim_utils.egg-info/top_level.txt
[1.623s] reading manifest file '../../build/sim_utils/sim_utils.egg-info/SOURCES.txt'
[1.624s] writing manifest file '../../build/sim_utils/sim_utils.egg-info/SOURCES.txt'
[1.625s] running build
[1.625s] running build_py
[1.625s] running install
[1.625s] running install_lib
[1.629s] running install_data
[1.629s] running install_egg_info
[1.631s] removing '/home/elijah/sim_ws/install/sim_utils/lib/python3.10/site-packages/sim_utils-0.0.0-py3.10.egg-info' (and everything under it)
[1.632s] Copying ../../build/sim_utils/sim_utils.egg-info to /home/elijah/sim_ws/install/sim_utils/lib/python3.10/site-packages/sim_utils-0.0.0-py3.10.egg-info
[1.632s] running install_scripts
[1.657s] Installing red_ball_controller script to /home/elijah/sim_ws/install/sim_utils/lib/sim_utils
[1.657s] writing list of installed files to '/home/elijah/sim_ws/build/sim_utils/install.log'
[1.687s] Invoked command in '/home/elijah/sim_ws/src/sim_utils' returned '0': PYTHONPATH=/home/elijah/sim_ws/build/sim_utils/prefix_override:/usr/lib/python3/dist-packages/colcon_core/task/python/colcon_distutils_commands:/home/elijah/sim_ws/install/sim_utils/lib/python3.10/site-packages:${PYTHONPATH} /usr/bin/python3 -W ignore:setup.py install is deprecated -W ignore:easy_install command is deprecated setup.py egg_info --egg-base ../../build/sim_utils build --build-base /home/elijah/sim_ws/build/sim_utils/build install --record /home/elijah/sim_ws/build/sim_utils/install.log --single-version-externally-managed install_data
