[1.964s] Invoking command in '/home/elijah/sim_ws/src/task_3': PYTHONPATH=/home/elijah/sim_ws/build/task_3/prefix_override:/usr/lib/python3/dist-packages/colcon_core/task/python/colcon_distutils_commands:/home/elijah/sim_ws/install/task_3/lib/python3.10/site-packages:${PYTHONPATH} /usr/bin/python3 -W ignore:setup.py install is deprecated -W ignore:easy_install command is deprecated setup.py egg_info --egg-base ../../build/task_3 build --build-base /home/elijah/sim_ws/build/task_3/build install --record /home/elijah/sim_ws/build/task_3/install.log --single-version-externally-managed install_data
[2.544s] running egg_info
[2.546s] writing ../../build/task_3/task_3.egg-info/PKG-INFO
[2.548s] writing dependency_links to ../../build/task_3/task_3.egg-info/dependency_links.txt
[2.548s] writing entry points to ../../build/task_3/task_3.egg-info/entry_points.txt
[2.548s] writing requirements to ../../build/task_3/task_3.egg-info/requires.txt
[2.548s] writing top-level names to ../../build/task_3/task_3.egg-info/top_level.txt
[2.552s] reading manifest file '../../build/task_3/task_3.egg-info/SOURCES.txt'
[2.552s] adding license file 'LICENSE'
[2.553s] writing manifest file '../../build/task_3/task_3.egg-info/SOURCES.txt'
[2.556s] running build
[2.556s] running build_py
[2.556s] copying task_3/pid_controller.py -> /home/elijah/sim_ws/build/task_3/build/lib/task_3
[2.556s] running install
[2.556s] running install_lib
[2.557s] copying /home/elijah/sim_ws/build/task_3/build/lib/task_3/pid_controller.py -> /home/elijah/sim_ws/install/task_3/lib/python3.10/site-packages/task_3
[2.559s] byte-compiling /home/elijah/sim_ws/install/task_3/lib/python3.10/site-packages/task_3/pid_controller.py to pid_controller.cpython-310.pyc
[2.560s] running install_data
[2.560s] running install_egg_info
[2.564s] removing '/home/elijah/sim_ws/install/task_3/lib/python3.10/site-packages/task_3-0.0.0-py3.10.egg-info' (and everything under it)
[2.566s] Copying ../../build/task_3/task_3.egg-info to /home/elijah/sim_ws/install/task_3/lib/python3.10/site-packages/task_3-0.0.0-py3.10.egg-info
[2.568s] running install_scripts
[2.614s] Installing pid_speed_controller script to /home/elijah/sim_ws/install/task_3/lib/task_3
[2.615s] writing list of installed files to '/home/elijah/sim_ws/build/task_3/install.log'
[2.663s] Invoked command in '/home/elijah/sim_ws/src/task_3' returned '0': PYTHONPATH=/home/elijah/sim_ws/build/task_3/prefix_override:/usr/lib/python3/dist-packages/colcon_core/task/python/colcon_distutils_commands:/home/elijah/sim_ws/install/task_3/lib/python3.10/site-packages:${PYTHONPATH} /usr/bin/python3 -W ignore:setup.py install is deprecated -W ignore:easy_install command is deprecated setup.py egg_info --egg-base ../../build/task_3 build --build-base /home/elijah/sim_ws/build/task_3/build install --record /home/elijah/sim_ws/build/task_3/install.log --single-version-externally-managed install_data
