[1.959s] Invoking command in '/home/elijah/sim_ws/src/task_1': PYTHONPATH=/home/elijah/sim_ws/build/task_1/prefix_override:/usr/lib/python3/dist-packages/colcon_core/task/python/colcon_distutils_commands:/home/elijah/sim_ws/install/task_1/lib/python3.10/site-packages:${PYTHONPATH} /usr/bin/python3 -W ignore:setup.py install is deprecated -W ignore:easy_install command is deprecated setup.py egg_info --egg-base ../../build/task_1 build --build-base /home/elijah/sim_ws/build/task_1/build install --record /home/elijah/sim_ws/build/task_1/install.log --single-version-externally-managed install_data
[2.469s] running egg_info
[2.471s] writing ../../build/task_1/task_1.egg-info/PKG-INFO
[2.475s] writing dependency_links to ../../build/task_1/task_1.egg-info/dependency_links.txt
[2.475s] writing entry points to ../../build/task_1/task_1.egg-info/entry_points.txt
[2.475s] writing requirements to ../../build/task_1/task_1.egg-info/requires.txt
[2.476s] writing top-level names to ../../build/task_1/task_1.egg-info/top_level.txt
[2.479s] reading manifest file '../../build/task_1/task_1.egg-info/SOURCES.txt'
[2.480s] writing manifest file '../../build/task_1/task_1.egg-info/SOURCES.txt'
[2.480s] running build
[2.480s] running build_py
[2.481s] running install
[2.482s] running install_lib
[2.485s] running install_data
[2.490s] running install_egg_info
[2.490s] removing '/home/elijah/sim_ws/install/task_1/lib/python3.10/site-packages/task_1-0.0.0-py3.10.egg-info' (and everything under it)
[2.495s] Copying ../../build/task_1/task_1.egg-info to /home/elijah/sim_ws/install/task_1/lib/python3.10/site-packages/task_1-0.0.0-py3.10.egg-info
[2.499s] running install_scripts
[2.547s] Installing listener script to /home/elijah/sim_ws/install/task_1/lib/task_1
[2.547s] Installing talker script to /home/elijah/sim_ws/install/task_1/lib/task_1
[2.548s] writing list of installed files to '/home/elijah/sim_ws/build/task_1/install.log'
[2.595s] Invoked command in '/home/elijah/sim_ws/src/task_1' returned '0': PYTHONPATH=/home/elijah/sim_ws/build/task_1/prefix_override:/usr/lib/python3/dist-packages/colcon_core/task/python/colcon_distutils_commands:/home/elijah/sim_ws/install/task_1/lib/python3.10/site-packages:${PYTHONPATH} /usr/bin/python3 -W ignore:setup.py install is deprecated -W ignore:easy_install command is deprecated setup.py egg_info --egg-base ../../build/task_1 build --build-base /home/elijah/sim_ws/build/task_1/build install --record /home/elijah/sim_ws/build/task_1/install.log --single-version-externally-managed install_data
