[1.978s] Invoking command in '/home/elijah/sim_ws/src/sim_utils': PYTHONPATH=/home/elijah/sim_ws/build/sim_utils/prefix_override:/usr/lib/python3/dist-packages/colcon_core/task/python/colcon_distutils_commands:/home/elijah/sim_ws/install/sim_utils/lib/python3.10/site-packages:${PYTHONPATH} /usr/bin/python3 -W ignore:setup.py install is deprecated -W ignore:easy_install command is deprecated setup.py egg_info --egg-base ../../build/sim_utils build --build-base /home/elijah/sim_ws/build/sim_utils/build install --record /home/elijah/sim_ws/build/sim_utils/install.log --single-version-externally-managed install_data
[2.523s] running egg_info
[2.524s] writing ../../build/sim_utils/sim_utils.egg-info/PKG-INFO
[2.525s] writing dependency_links to ../../build/sim_utils/sim_utils.egg-info/dependency_links.txt
[2.525s] writing entry points to ../../build/sim_utils/sim_utils.egg-info/entry_points.txt
[2.525s] writing requirements to ../../build/sim_utils/sim_utils.egg-info/requires.txt
[2.525s] writing top-level names to ../../build/sim_utils/sim_utils.egg-info/top_level.txt
[2.530s] reading manifest file '../../build/sim_utils/sim_utils.egg-info/SOURCES.txt'
[2.532s] writing manifest file '../../build/sim_utils/sim_utils.egg-info/SOURCES.txt'
[2.532s] running build
[2.532s] running build_py
[2.533s] running install
[2.533s] running install_lib
[2.536s] running install_data
[2.536s] running install_egg_info
[2.539s] removing '/home/elijah/sim_ws/install/sim_utils/lib/python3.10/site-packages/sim_utils-0.0.0-py3.10.egg-info' (and everything under it)
[2.540s] Copying ../../build/sim_utils/sim_utils.egg-info to /home/elijah/sim_ws/install/sim_utils/lib/python3.10/site-packages/sim_utils-0.0.0-py3.10.egg-info
[2.542s] running install_scripts
[2.589s] Installing red_ball_controller script to /home/elijah/sim_ws/install/sim_utils/lib/sim_utils
[2.589s] writing list of installed files to '/home/elijah/sim_ws/build/sim_utils/install.log'
[2.632s] Invoked command in '/home/elijah/sim_ws/src/sim_utils' returned '0': PYTHONPATH=/home/elijah/sim_ws/build/sim_utils/prefix_override:/usr/lib/python3/dist-packages/colcon_core/task/python/colcon_distutils_commands:/home/elijah/sim_ws/install/sim_utils/lib/python3.10/site-packages:${PYTHONPATH} /usr/bin/python3 -W ignore:setup.py install is deprecated -W ignore:easy_install command is deprecated setup.py egg_info --egg-base ../../build/sim_utils build --build-base /home/elijah/sim_ws/build/sim_utils/build install --record /home/elijah/sim_ws/build/sim_utils/install.log --single-version-externally-managed install_data
