[1.151s] Invoking command in '/home/elijah/sim_ws/build/turtlebot3_gazebo': CMAKE_PREFIX_PATH=${CMAKE_PREFIX_PATH}:/home/elijah/sim_ws/install/task_3:/home/elijah/sim_ws/install/task_2:/home/elijah/sim_ws/install/task_1:/home/elijah/sim_ws/install/sim_utils:/opt/ros/humble /usr/bin/cmake --build /home/elijah/sim_ws/build/turtlebot3_gazebo -- -j8 -l8
[1.232s] Invoked command in '/home/elijah/sim_ws/build/turtlebot3_gazebo' returned '0': CMAKE_PREFIX_PATH=${CMAKE_PREFIX_PATH}:/home/elijah/sim_ws/install/task_3:/home/elijah/sim_ws/install/task_2:/home/elijah/sim_ws/install/task_1:/home/elijah/sim_ws/install/sim_utils:/opt/ros/humble /usr/bin/cmake --build /home/elijah/sim_ws/build/turtlebot3_gazebo -- -j8 -l8
[1.233s] Invoking command in '/home/elijah/sim_ws/build/turtlebot3_gazebo': CMAKE_PREFIX_PATH=${CMAKE_PREFIX_PATH}:/home/elijah/sim_ws/install/task_3:/home/elijah/sim_ws/install/task_2:/home/elijah/sim_ws/install/task_1:/home/elijah/sim_ws/install/sim_utils:/opt/ros/humble /usr/bin/cmake --install /home/elijah/sim_ws/build/turtlebot3_gazebo
[1.249s] -- Install configuration: ""
[1.249s] -- Up-to-date: /home/elijah/sim_ws/install/turtlebot3_gazebo/share/turtlebot3_gazebo//launch
[1.250s] -- Up-to-date: /home/elijah/sim_ws/install/turtlebot3_gazebo/share/turtlebot3_gazebo//launch/task_6.launch.py
[1.250s] -- Up-to-date: /home/elijah/sim_ws/install/turtlebot3_gazebo/share/turtlebot3_gazebo//launch/mapper.launch.py
[1.250s] -- Up-to-date: /home/elijah/sim_ws/install/turtlebot3_gazebo/share/turtlebot3_gazebo//launch/turtlebot3_house_norviz.launch.py
[1.250s] -- Up-to-date: /home/elijah/sim_ws/install/turtlebot3_gazebo/share/turtlebot3_gazebo//launch/spawn_turtlebot3.launch.py
[1.250s] -- Up-to-date: /home/elijah/sim_ws/install/turtlebot3_gazebo/share/turtlebot3_gazebo//launch/robot_state_publisher.launch.py
[1.250s] -- Up-to-date: /home/elijah/sim_ws/install/turtlebot3_gazebo/share/turtlebot3_gazebo//launch/amcl.launch.py
[1.250s] -- Up-to-date: /home/elijah/sim_ws/install/turtlebot3_gazebo/share/turtlebot3_gazebo//launch/turtlebot3_bonus_world.launch.py
[1.250s] -- Up-to-date: /home/elijah/sim_ws/install/turtlebot3_gazebo/share/turtlebot3_gazebo//launch/spawn_cricketball.launch.py
[1.250s] -- Up-to-date: /home/elijah/sim_ws/install/turtlebot3_gazebo/share/turtlebot3_gazebo//launch/turtlebot3_house.launch.py
[1.251s] -- Up-to-date: /home/elijah/sim_ws/install/turtlebot3_gazebo/share/turtlebot3_gazebo//launch/navigator.launch.py
[1.255s] -- Up-to-date: /home/elijah/sim_ws/install/turtlebot3_gazebo/share/turtlebot3_gazebo//launch/map_loader.launch.py
[1.256s] -- Up-to-date: /home/elijah/sim_ws/install/turtlebot3_gazebo/share/turtlebot3_gazebo//models
[1.256s] -- Up-to-date: /home/elijah/sim_ws/install/turtlebot3_gazebo/share/turtlebot3_gazebo//models/turtlebot3_common
[1.256s] -- Up-to-date: /home/elijah/sim_ws/install/turtlebot3_gazebo/share/turtlebot3_gazebo//models/turtlebot3_common/model.config
[1.261s] -- Up-to-date: /home/elijah/sim_ws/install/turtlebot3_gazebo/share/turtlebot3_gazebo//models/turtlebot3_common/meshes
[1.262s] -- Up-to-date: /home/elijah/sim_ws/install/turtlebot3_gazebo/share/turtlebot3_gazebo//models/turtlebot3_common/meshes/r200.dae
[1.262s] -- Up-to-date: /home/elijah/sim_ws/install/turtlebot3_gazebo/share/turtlebot3_gazebo//models/turtlebot3_common/meshes/burger_base.dae
[1.262s] -- Up-to-date: /home/elijah/sim_ws/install/turtlebot3_gazebo/share/turtlebot3_gazebo//models/turtlebot3_common/meshes/lds.dae
[1.263s] -- Up-to-date: /home/elijah/sim_ws/install/turtlebot3_gazebo/share/turtlebot3_gazebo//models/turtlebot3_common/meshes/waffle_base.dae
[1.263s] -- Up-to-date: /home/elijah/sim_ws/install/turtlebot3_gazebo/share/turtlebot3_gazebo//models/turtlebot3_common/meshes/tire.dae
[1.263s] -- Up-to-date: /home/elijah/sim_ws/install/turtlebot3_gazebo/share/turtlebot3_gazebo//models/blue_object
[1.263s] -- Up-to-date: /home/elijah/sim_ws/install/turtlebot3_gazebo/share/turtlebot3_gazebo//models/blue_object/model.config
[1.263s] -- Up-to-date: /home/elijah/sim_ws/install/turtlebot3_gazebo/share/turtlebot3_gazebo//models/blue_object/model.sdf
[1.263s] -- Up-to-date: /home/elijah/sim_ws/install/turtlebot3_gazebo/share/turtlebot3_gazebo//models/blue_object/model.rsdf
[1.263s] -- Up-to-date: /home/elijah/sim_ws/install/turtlebot3_gazebo/share/turtlebot3_gazebo//models/red_object
[1.264s] -- Up-to-date: /home/elijah/sim_ws/install/turtlebot3_gazebo/share/turtlebot3_gazebo//models/red_object/model.config
[1.264s] -- Up-to-date: /home/elijah/sim_ws/install/turtlebot3_gazebo/share/turtlebot3_gazebo//models/red_object/model.sdf
[1.266s] -- Up-to-date: /home/elijah/sim_ws/install/turtlebot3_gazebo/share/turtlebot3_gazebo//models/red_object/model.rsdf
[1.268s] -- Up-to-date: /home/elijah/sim_ws/install/turtlebot3_gazebo/share/turtlebot3_gazebo//models/trash_can
[1.268s] -- Up-to-date: /home/elijah/sim_ws/install/turtlebot3_gazebo/share/turtlebot3_gazebo//models/trash_can/model.config
[1.269s] -- Up-to-date: /home/elijah/sim_ws/install/turtlebot3_gazebo/share/turtlebot3_gazebo//models/trash_can/meshes
[1.269s] -- Up-to-date: /home/elijah/sim_ws/install/turtlebot3_gazebo/share/turtlebot3_gazebo//models/trash_can/meshes/trash_can.dae
[1.269s] -- Up-to-date: /home/elijah/sim_ws/install/turtlebot3_gazebo/share/turtlebot3_gazebo//models/trash_can/model.sdf
[1.269s] -- Up-to-date: /home/elijah/sim_ws/install/turtlebot3_gazebo/share/turtlebot3_gazebo//models/turtlebot3_house
[1.269s] -- Up-to-date: /home/elijah/sim_ws/install/turtlebot3_gazebo/share/turtlebot3_gazebo//models/turtlebot3_house/model.config
[1.269s] -- Up-to-date: /home/elijah/sim_ws/install/turtlebot3_gazebo/share/turtlebot3_gazebo//models/turtlebot3_house/model.sdf
[1.269s] -- Up-to-date: /home/elijah/sim_ws/install/turtlebot3_gazebo/share/turtlebot3_gazebo//models/green_object
[1.269s] -- Up-to-date: /home/elijah/sim_ws/install/turtlebot3_gazebo/share/turtlebot3_gazebo//models/green_object/model.config
[1.270s] -- Up-to-date: /home/elijah/sim_ws/install/turtlebot3_gazebo/share/turtlebot3_gazebo//models/green_object/model.sdf
[1.270s] -- Up-to-date: /home/elijah/sim_ws/install/turtlebot3_gazebo/share/turtlebot3_gazebo//models/green_object/model.rsdf
[1.270s] -- Up-to-date: /home/elijah/sim_ws/install/turtlebot3_gazebo/share/turtlebot3_gazebo//models/turtlebot3_waffle
[1.270s] -- Up-to-date: /home/elijah/sim_ws/install/turtlebot3_gazebo/share/turtlebot3_gazebo//models/turtlebot3_waffle/model.config
[1.272s] -- Up-to-date: /home/elijah/sim_ws/install/turtlebot3_gazebo/share/turtlebot3_gazebo//models/turtlebot3_waffle/model.sdf
[1.273s] -- Up-to-date: /home/elijah/sim_ws/install/turtlebot3_gazebo/share/turtlebot3_gazebo//models/cricket_ball
[1.273s] -- Up-to-date: /home/elijah/sim_ws/install/turtlebot3_gazebo/share/turtlebot3_gazebo//models/cricket_ball/model.config
[1.273s] -- Up-to-date: /home/elijah/sim_ws/install/turtlebot3_gazebo/share/turtlebot3_gazebo//models/cricket_ball/model.sdf
[1.273s] -- Up-to-date: /home/elijah/sim_ws/install/turtlebot3_gazebo/share/turtlebot3_gazebo//models/cricket_ball/model.rsdf
[1.273s] -- Up-to-date: /home/elijah/sim_ws/install/turtlebot3_gazebo/share/turtlebot3_gazebo//rviz
[1.274s] -- Up-to-date: /home/elijah/sim_ws/install/turtlebot3_gazebo/share/turtlebot3_gazebo//rviz/tb3_gazebo.rviz
[1.274s] -- Up-to-date: /home/elijah/sim_ws/install/turtlebot3_gazebo/share/turtlebot3_gazebo//urdf
[1.274s] -- Up-to-date: /home/elijah/sim_ws/install/turtlebot3_gazebo/share/turtlebot3_gazebo//urdf/turtlebot3_waffle.urdf
[1.274s] -- Up-to-date: /home/elijah/sim_ws/install/turtlebot3_gazebo/share/turtlebot3_gazebo//worlds
[1.274s] -- Up-to-date: /home/elijah/sim_ws/install/turtlebot3_gazebo/share/turtlebot3_gazebo//worlds/turtlebot3_house.world
[1.274s] -- Up-to-date: /home/elijah/sim_ws/install/turtlebot3_gazebo/share/turtlebot3_gazebo//worlds/Bonus
[1.274s] -- Up-to-date: /home/elijah/sim_ws/install/turtlebot3_gazebo/share/turtlebot3_gazebo//worlds/empty_world.world
[1.274s] -- Up-to-date: /home/elijah/sim_ws/install/turtlebot3_gazebo/share/turtlebot3_gazebo//worlds/house_closed.world
[1.275s] -- Up-to-date: /home/elijah/sim_ws/install/turtlebot3_gazebo/share/turtlebot3_gazebo//maps
[1.275s] -- Up-to-date: /home/elijah/sim_ws/install/turtlebot3_gazebo/share/turtlebot3_gazebo//maps/sync_classroom_map.pgm
[1.275s] -- Up-to-date: /home/elijah/sim_ws/install/turtlebot3_gazebo/share/turtlebot3_gazebo//maps/map.pgm
[1.275s] -- Up-to-date: /home/elijah/sim_ws/install/turtlebot3_gazebo/share/turtlebot3_gazebo//maps/sync_classroom_map.yaml
[1.275s] -- Up-to-date: /home/elijah/sim_ws/install/turtlebot3_gazebo/share/turtlebot3_gazebo//maps/map.yaml
[1.275s] -- Up-to-date: /home/elijah/sim_ws/install/turtlebot3_gazebo/share/turtlebot3_gazebo//params
[1.275s] -- Up-to-date: /home/elijah/sim_ws/install/turtlebot3_gazebo/share/turtlebot3_gazebo//params/mapper_params_online_async.yaml
[1.275s] -- Up-to-date: /home/elijah/sim_ws/install/turtlebot3_gazebo/share/turtlebot3_gazebo//params/amcl.yaml
[1.276s] -- Up-to-date: /home/elijah/sim_ws/install/turtlebot3_gazebo/share/turtlebot3_gazebo//params/map_server.yaml
[1.276s] -- Up-to-date: /home/elijah/sim_ws/install/turtlebot3_gazebo/lib/turtlebot3_gazebo/task1
[1.276s] -- Up-to-date: /home/elijah/sim_ws/install/turtlebot3_gazebo/lib/turtlebot3_gazebo/task2
[1.276s] -- Up-to-date: /home/elijah/sim_ws/install/turtlebot3_gazebo/lib/turtlebot3_gazebo/task3
[1.279s] -- Up-to-date: /home/elijah/sim_ws/install/turtlebot3_gazebo/lib/turtlebot3_gazebo/spawn_objects
[1.279s] -- Up-to-date: /home/elijah/sim_ws/install/turtlebot3_gazebo/lib/turtlebot3_gazebo/task2_bonus
[1.279s] -- Up-to-date: /home/elijah/sim_ws/install/turtlebot3_gazebo/lib/turtlebot3_gazebo/static_obstacles
[1.279s] -- Up-to-date: /home/elijah/sim_ws/install/turtlebot3_gazebo/share/ament_index/resource_index/package_run_dependencies/turtlebot3_gazebo
[1.279s] -- Up-to-date: /home/elijah/sim_ws/install/turtlebot3_gazebo/share/ament_index/resource_index/parent_prefix_path/turtlebot3_gazebo
[1.280s] -- Up-to-date: /home/elijah/sim_ws/install/turtlebot3_gazebo/share/turtlebot3_gazebo/environment/ament_prefix_path.sh
[1.280s] -- Up-to-date: /home/elijah/sim_ws/install/turtlebot3_gazebo/share/turtlebot3_gazebo/environment/ament_prefix_path.dsv
[1.280s] -- Up-to-date: /home/elijah/sim_ws/install/turtlebot3_gazebo/share/turtlebot3_gazebo/environment/path.sh
[1.280s] -- Up-to-date: /home/elijah/sim_ws/install/turtlebot3_gazebo/share/turtlebot3_gazebo/environment/path.dsv
[1.280s] -- Up-to-date: /home/elijah/sim_ws/install/turtlebot3_gazebo/share/turtlebot3_gazebo/local_setup.bash
[1.280s] -- Up-to-date: /home/elijah/sim_ws/install/turtlebot3_gazebo/share/turtlebot3_gazebo/local_setup.sh
[1.280s] -- Up-to-date: /home/elijah/sim_ws/install/turtlebot3_gazebo/share/turtlebot3_gazebo/local_setup.zsh
[1.281s] -- Up-to-date: /home/elijah/sim_ws/install/turtlebot3_gazebo/share/turtlebot3_gazebo/local_setup.dsv
[1.281s] -- Installing: /home/elijah/sim_ws/install/turtlebot3_gazebo/share/turtlebot3_gazebo/package.dsv
[1.281s] -- Up-to-date: /home/elijah/sim_ws/install/turtlebot3_gazebo/share/ament_index/resource_index/packages/turtlebot3_gazebo
[1.285s] -- Up-to-date: /home/elijah/sim_ws/install/turtlebot3_gazebo/share/turtlebot3_gazebo/cmake/ament_cmake_export_include_directories-extras.cmake
[1.285s] -- Up-to-date: /home/elijah/sim_ws/install/turtlebot3_gazebo/share/turtlebot3_gazebo/cmake/ament_cmake_export_dependencies-extras.cmake
[1.285s] -- Up-to-date: /home/elijah/sim_ws/install/turtlebot3_gazebo/share/turtlebot3_gazebo/cmake/turtlebot3_gazeboConfig.cmake
[1.286s] -- Up-to-date: /home/elijah/sim_ws/install/turtlebot3_gazebo/share/turtlebot3_gazebo/cmake/turtlebot3_gazeboConfig-version.cmake
[1.286s] -- Up-to-date: /home/elijah/sim_ws/install/turtlebot3_gazebo/share/turtlebot3_gazebo/package.xml
[1.286s] Invoked command in '/home/elijah/sim_ws/build/turtlebot3_gazebo' returned '0': CMAKE_PREFIX_PATH=${CMAKE_PREFIX_PATH}:/home/elijah/sim_ws/install/task_3:/home/elijah/sim_ws/install/task_2:/home/elijah/sim_ws/install/task_1:/home/elijah/sim_ws/install/sim_utils:/opt/ros/humble /usr/bin/cmake --install /home/elijah/sim_ws/build/turtlebot3_gazebo
