[0.529s] Invoking command in '/home/elijah/sim_ws/build/turtlebot3_gazebo': CMAKE_PREFIX_PATH=${CMAKE_PREFIX_PATH}:/home/elijah/sim_ws/install/task_2:/home/elijah/sim_ws/install/task_1:/home/elijah/sim_ws/install/sim_utils:/opt/ros/humble /usr/bin/cmake --build /home/elijah/sim_ws/build/turtlebot3_gazebo -- -j8 -l8
[0.575s] Invoked command in '/home/elijah/sim_ws/build/turtlebot3_gazebo' returned '0': CMAKE_PREFIX_PATH=${CMAKE_PREFIX_PATH}:/home/elijah/sim_ws/install/task_2:/home/elijah/sim_ws/install/task_1:/home/elijah/sim_ws/install/sim_utils:/opt/ros/humble /usr/bin/cmake --build /home/elijah/sim_ws/build/turtlebot3_gazebo -- -j8 -l8
[0.578s] Invoking command in '/home/elijah/sim_ws/build/turtlebot3_gazebo': CMAKE_PREFIX_PATH=${CMAKE_PREFIX_PATH}:/home/elijah/sim_ws/install/task_2:/home/elijah/sim_ws/install/task_1:/home/elijah/sim_ws/install/sim_utils:/opt/ros/humble /usr/bin/cmake --install /home/elijah/sim_ws/build/turtlebot3_gazebo
[0.589s] -- Install configuration: ""
[0.589s] -- Up-to-date: /home/elijah/sim_ws/install/turtlebot3_gazebo/share/turtlebot3_gazebo//launch
[0.589s] -- Up-to-date: /home/elijah/sim_ws/install/turtlebot3_gazebo/share/turtlebot3_gazebo//launch/task_6.launch.py
[0.589s] -- Up-to-date: /home/elijah/sim_ws/install/turtlebot3_gazebo/share/turtlebot3_gazebo//launch/mapper.launch.py
[0.590s] -- Up-to-date: /home/elijah/sim_ws/install/turtlebot3_gazebo/share/turtlebot3_gazebo//launch/turtlebot3_house_norviz.launch.py
[0.590s] -- Up-to-date: /home/elijah/sim_ws/install/turtlebot3_gazebo/share/turtlebot3_gazebo//launch/spawn_turtlebot3.launch.py
[0.590s] -- Up-to-date: /home/elijah/sim_ws/install/turtlebot3_gazebo/share/turtlebot3_gazebo//launch/robot_state_publisher.launch.py
[0.590s] -- Up-to-date: /home/elijah/sim_ws/install/turtlebot3_gazebo/share/turtlebot3_gazebo//launch/amcl.launch.py
[0.590s] -- Up-to-date: /home/elijah/sim_ws/install/turtlebot3_gazebo/share/turtlebot3_gazebo//launch/turtlebot3_bonus_world.launch.py
[0.590s] -- Up-to-date: /home/elijah/sim_ws/install/turtlebot3_gazebo/share/turtlebot3_gazebo//launch/spawn_cricketball.launch.py
[0.590s] -- Up-to-date: /home/elijah/sim_ws/install/turtlebot3_gazebo/share/turtlebot3_gazebo//launch/turtlebot3_house.launch.py
[0.590s] -- Up-to-date: /home/elijah/sim_ws/install/turtlebot3_gazebo/share/turtlebot3_gazebo//launch/navigator.launch.py
[0.590s] -- Up-to-date: /home/elijah/sim_ws/install/turtlebot3_gazebo/share/turtlebot3_gazebo//launch/map_loader.launch.py
[0.591s] -- Up-to-date: /home/elijah/sim_ws/install/turtlebot3_gazebo/share/turtlebot3_gazebo//models
[0.591s] -- Up-to-date: /home/elijah/sim_ws/install/turtlebot3_gazebo/share/turtlebot3_gazebo//models/turtlebot3_common
[0.591s] -- Up-to-date: /home/elijah/sim_ws/install/turtlebot3_gazebo/share/turtlebot3_gazebo//models/turtlebot3_common/model.config
[0.591s] -- Up-to-date: /home/elijah/sim_ws/install/turtlebot3_gazebo/share/turtlebot3_gazebo//models/turtlebot3_common/meshes
[0.591s] -- Up-to-date: /home/elijah/sim_ws/install/turtlebot3_gazebo/share/turtlebot3_gazebo//models/turtlebot3_common/meshes/r200.dae
[0.591s] -- Up-to-date: /home/elijah/sim_ws/install/turtlebot3_gazebo/share/turtlebot3_gazebo//models/turtlebot3_common/meshes/burger_base.dae
[0.591s] -- Up-to-date: /home/elijah/sim_ws/install/turtlebot3_gazebo/share/turtlebot3_gazebo//models/turtlebot3_common/meshes/lds.dae
[0.591s] -- Up-to-date: /home/elijah/sim_ws/install/turtlebot3_gazebo/share/turtlebot3_gazebo//models/turtlebot3_common/meshes/waffle_base.dae
[0.591s] -- Up-to-date: /home/elijah/sim_ws/install/turtlebot3_gazebo/share/turtlebot3_gazebo//models/turtlebot3_common/meshes/tire.dae
[0.592s] -- Up-to-date: /home/elijah/sim_ws/install/turtlebot3_gazebo/share/turtlebot3_gazebo//models/blue_object
[0.592s] -- Up-to-date: /home/elijah/sim_ws/install/turtlebot3_gazebo/share/turtlebot3_gazebo//models/blue_object/model.config
[0.592s] -- Up-to-date: /home/elijah/sim_ws/install/turtlebot3_gazebo/share/turtlebot3_gazebo//models/blue_object/model.sdf
[0.592s] -- Up-to-date: /home/elijah/sim_ws/install/turtlebot3_gazebo/share/turtlebot3_gazebo//models/blue_object/model.rsdf
[0.593s] -- Up-to-date: /home/elijah/sim_ws/install/turtlebot3_gazebo/share/turtlebot3_gazebo//models/red_object
[0.593s] -- Up-to-date: /home/elijah/sim_ws/install/turtlebot3_gazebo/share/turtlebot3_gazebo//models/red_object/model.config
[0.593s] -- Up-to-date: /home/elijah/sim_ws/install/turtlebot3_gazebo/share/turtlebot3_gazebo//models/red_object/model.sdf
[0.593s] -- Up-to-date: /home/elijah/sim_ws/install/turtlebot3_gazebo/share/turtlebot3_gazebo//models/red_object/model.rsdf
[0.593s] -- Up-to-date: /home/elijah/sim_ws/install/turtlebot3_gazebo/share/turtlebot3_gazebo//models/trash_can
[0.593s] -- Up-to-date: /home/elijah/sim_ws/install/turtlebot3_gazebo/share/turtlebot3_gazebo//models/trash_can/model.config
[0.593s] -- Up-to-date: /home/elijah/sim_ws/install/turtlebot3_gazebo/share/turtlebot3_gazebo//models/trash_can/meshes
[0.593s] -- Up-to-date: /home/elijah/sim_ws/install/turtlebot3_gazebo/share/turtlebot3_gazebo//models/trash_can/meshes/trash_can.dae
[0.593s] -- Up-to-date: /home/elijah/sim_ws/install/turtlebot3_gazebo/share/turtlebot3_gazebo//models/trash_can/model.sdf
[0.594s] -- Up-to-date: /home/elijah/sim_ws/install/turtlebot3_gazebo/share/turtlebot3_gazebo//models/turtlebot3_house
[0.594s] -- Up-to-date: /home/elijah/sim_ws/install/turtlebot3_gazebo/share/turtlebot3_gazebo//models/turtlebot3_house/model.config
[0.594s] -- Up-to-date: /home/elijah/sim_ws/install/turtlebot3_gazebo/share/turtlebot3_gazebo//models/turtlebot3_house/model.sdf
[0.594s] -- Up-to-date: /home/elijah/sim_ws/install/turtlebot3_gazebo/share/turtlebot3_gazebo//models/green_object
[0.594s] -- Up-to-date: /home/elijah/sim_ws/install/turtlebot3_gazebo/share/turtlebot3_gazebo//models/green_object/model.config
[0.594s] -- Up-to-date: /home/elijah/sim_ws/install/turtlebot3_gazebo/share/turtlebot3_gazebo//models/green_object/model.sdf
[0.594s] -- Up-to-date: /home/elijah/sim_ws/install/turtlebot3_gazebo/share/turtlebot3_gazebo//models/green_object/model.rsdf
[0.594s] -- Up-to-date: /home/elijah/sim_ws/install/turtlebot3_gazebo/share/turtlebot3_gazebo//models/turtlebot3_waffle
[0.594s] -- Up-to-date: /home/elijah/sim_ws/install/turtlebot3_gazebo/share/turtlebot3_gazebo//models/turtlebot3_waffle/model.config
[0.595s] -- Up-to-date: /home/elijah/sim_ws/install/turtlebot3_gazebo/share/turtlebot3_gazebo//models/turtlebot3_waffle/model.sdf
[0.595s] -- Up-to-date: /home/elijah/sim_ws/install/turtlebot3_gazebo/share/turtlebot3_gazebo//models/cricket_ball
[0.595s] -- Up-to-date: /home/elijah/sim_ws/install/turtlebot3_gazebo/share/turtlebot3_gazebo//models/cricket_ball/model.config
[0.595s] -- Up-to-date: /home/elijah/sim_ws/install/turtlebot3_gazebo/share/turtlebot3_gazebo//models/cricket_ball/model.sdf
[0.595s] -- Up-to-date: /home/elijah/sim_ws/install/turtlebot3_gazebo/share/turtlebot3_gazebo//models/cricket_ball/model.rsdf
[0.595s] -- Up-to-date: /home/elijah/sim_ws/install/turtlebot3_gazebo/share/turtlebot3_gazebo//rviz
[0.595s] -- Up-to-date: /home/elijah/sim_ws/install/turtlebot3_gazebo/share/turtlebot3_gazebo//rviz/tb3_gazebo.rviz
[0.595s] -- Up-to-date: /home/elijah/sim_ws/install/turtlebot3_gazebo/share/turtlebot3_gazebo//urdf
[0.596s] -- Up-to-date: /home/elijah/sim_ws/install/turtlebot3_gazebo/share/turtlebot3_gazebo//urdf/turtlebot3_waffle.urdf
[0.596s] -- Up-to-date: /home/elijah/sim_ws/install/turtlebot3_gazebo/share/turtlebot3_gazebo//worlds
[0.596s] -- Up-to-date: /home/elijah/sim_ws/install/turtlebot3_gazebo/share/turtlebot3_gazebo//worlds/turtlebot3_house.world
[0.596s] -- Up-to-date: /home/elijah/sim_ws/install/turtlebot3_gazebo/share/turtlebot3_gazebo//worlds/Bonus
[0.596s] -- Up-to-date: /home/elijah/sim_ws/install/turtlebot3_gazebo/share/turtlebot3_gazebo//worlds/empty_world.world
[0.596s] -- Up-to-date: /home/elijah/sim_ws/install/turtlebot3_gazebo/share/turtlebot3_gazebo//worlds/house_closed.world
[0.597s] -- Up-to-date: /home/elijah/sim_ws/install/turtlebot3_gazebo/share/turtlebot3_gazebo//maps
[0.597s] -- Up-to-date: /home/elijah/sim_ws/install/turtlebot3_gazebo/share/turtlebot3_gazebo//maps/sync_classroom_map.pgm
[0.597s] -- Up-to-date: /home/elijah/sim_ws/install/turtlebot3_gazebo/share/turtlebot3_gazebo//maps/map.pgm
[0.597s] -- Up-to-date: /home/elijah/sim_ws/install/turtlebot3_gazebo/share/turtlebot3_gazebo//maps/sync_classroom_map.yaml
[0.597s] -- Up-to-date: /home/elijah/sim_ws/install/turtlebot3_gazebo/share/turtlebot3_gazebo//maps/map.yaml
[0.597s] -- Up-to-date: /home/elijah/sim_ws/install/turtlebot3_gazebo/share/turtlebot3_gazebo//params
[0.598s] -- Up-to-date: /home/elijah/sim_ws/install/turtlebot3_gazebo/share/turtlebot3_gazebo//params/mapper_params_online_async.yaml
[0.598s] -- Up-to-date: /home/elijah/sim_ws/install/turtlebot3_gazebo/share/turtlebot3_gazebo//params/amcl.yaml
[0.598s] -- Up-to-date: /home/elijah/sim_ws/install/turtlebot3_gazebo/share/turtlebot3_gazebo//params/map_server.yaml
[0.598s] -- Up-to-date: /home/elijah/sim_ws/install/turtlebot3_gazebo/lib/turtlebot3_gazebo/task1
[0.598s] -- Up-to-date: /home/elijah/sim_ws/install/turtlebot3_gazebo/lib/turtlebot3_gazebo/task2
[0.599s] -- Up-to-date: /home/elijah/sim_ws/install/turtlebot3_gazebo/lib/turtlebot3_gazebo/task3
[0.599s] -- Up-to-date: /home/elijah/sim_ws/install/turtlebot3_gazebo/lib/turtlebot3_gazebo/spawn_objects
[0.599s] -- Up-to-date: /home/elijah/sim_ws/install/turtlebot3_gazebo/lib/turtlebot3_gazebo/task2_bonus
[0.599s] -- Up-to-date: /home/elijah/sim_ws/install/turtlebot3_gazebo/lib/turtlebot3_gazebo/static_obstacles
[0.599s] -- Up-to-date: /home/elijah/sim_ws/install/turtlebot3_gazebo/share/ament_index/resource_index/package_run_dependencies/turtlebot3_gazebo
[0.599s] -- Up-to-date: /home/elijah/sim_ws/install/turtlebot3_gazebo/share/ament_index/resource_index/parent_prefix_path/turtlebot3_gazebo
[0.600s] -- Up-to-date: /home/elijah/sim_ws/install/turtlebot3_gazebo/share/turtlebot3_gazebo/environment/ament_prefix_path.sh
[0.600s] -- Up-to-date: /home/elijah/sim_ws/install/turtlebot3_gazebo/share/turtlebot3_gazebo/environment/ament_prefix_path.dsv
[0.600s] -- Up-to-date: /home/elijah/sim_ws/install/turtlebot3_gazebo/share/turtlebot3_gazebo/environment/path.sh
[0.600s] -- Up-to-date: /home/elijah/sim_ws/install/turtlebot3_gazebo/share/turtlebot3_gazebo/environment/path.dsv
[0.600s] -- Up-to-date: /home/elijah/sim_ws/install/turtlebot3_gazebo/share/turtlebot3_gazebo/local_setup.bash
[0.600s] -- Up-to-date: /home/elijah/sim_ws/install/turtlebot3_gazebo/share/turtlebot3_gazebo/local_setup.sh
[0.600s] -- Up-to-date: /home/elijah/sim_ws/install/turtlebot3_gazebo/share/turtlebot3_gazebo/local_setup.zsh
[0.600s] -- Up-to-date: /home/elijah/sim_ws/install/turtlebot3_gazebo/share/turtlebot3_gazebo/local_setup.dsv
[0.600s] -- Installing: /home/elijah/sim_ws/install/turtlebot3_gazebo/share/turtlebot3_gazebo/package.dsv
[0.601s] -- Up-to-date: /home/elijah/sim_ws/install/turtlebot3_gazebo/share/ament_index/resource_index/packages/turtlebot3_gazebo
[0.601s] -- Up-to-date: /home/elijah/sim_ws/install/turtlebot3_gazebo/share/turtlebot3_gazebo/cmake/ament_cmake_export_include_directories-extras.cmake
[0.601s] -- Up-to-date: /home/elijah/sim_ws/install/turtlebot3_gazebo/share/turtlebot3_gazebo/cmake/ament_cmake_export_dependencies-extras.cmake
[0.601s] -- Up-to-date: /home/elijah/sim_ws/install/turtlebot3_gazebo/share/turtlebot3_gazebo/cmake/turtlebot3_gazeboConfig.cmake
[0.601s] -- Up-to-date: /home/elijah/sim_ws/install/turtlebot3_gazebo/share/turtlebot3_gazebo/cmake/turtlebot3_gazeboConfig-version.cmake
[0.601s] -- Up-to-date: /home/elijah/sim_ws/install/turtlebot3_gazebo/share/turtlebot3_gazebo/package.xml
[0.601s] Invoked command in '/home/elijah/sim_ws/build/turtlebot3_gazebo' returned '0': CMAKE_PREFIX_PATH=${CMAKE_PREFIX_PATH}:/home/elijah/sim_ws/install/task_2:/home/elijah/sim_ws/install/task_1:/home/elijah/sim_ws/install/sim_utils:/opt/ros/humble /usr/bin/cmake --install /home/elijah/sim_ws/build/turtlebot3_gazebo
