[0.642s] Invoking command in '/home/elijah/sim_ws/src/task_2': CMAKE_PREFIX_PATH=/home/elijah/sim_ws/install/task_2_interfaces:/home/elijah/sim_ws/install/turtlebot3_gazebo PYTHONPATH=/home/elijah/sim_ws/build/task_2/prefix_override:/usr/lib/python3/dist-packages/colcon_core/task/python/colcon_distutils_commands:/home/elijah/sim_ws/install/task_2/lib/python3.10/site-packages:${PYTHONPATH} /usr/bin/python3 -W ignore:setup.py install is deprecated -W ignore:easy_install command is deprecated setup.py egg_info --egg-base ../../build/task_2 build --build-base /home/elijah/sim_ws/build/task_2/build install --record /home/elijah/sim_ws/build/task_2/install.log --single-version-externally-managed install_data
[0.844s] running egg_info
[0.845s] writing ../../build/task_2/task_2.egg-info/PKG-INFO
[0.845s] writing dependency_links to ../../build/task_2/task_2.egg-info/dependency_links.txt
[0.846s] writing entry points to ../../build/task_2/task_2.egg-info/entry_points.txt
[0.846s] writing requirements to ../../build/task_2/task_2.egg-info/requires.txt
[0.846s] writing top-level names to ../../build/task_2/task_2.egg-info/top_level.txt
[0.848s] reading manifest file '../../build/task_2/task_2.egg-info/SOURCES.txt'
[0.848s] adding license file 'LICENSE'
[0.848s] writing manifest file '../../build/task_2/task_2.egg-info/SOURCES.txt'
[0.848s] running build
[0.848s] running build_py
[0.849s] copying task_2/PubNode.py -> /home/elijah/sim_ws/build/task_2/build/lib/task_2
[0.849s] copying task_2/ServNode.py -> /home/elijah/sim_ws/build/task_2/build/lib/task_2
[0.849s] copying task_2/ClientNode.py -> /home/elijah/sim_ws/build/task_2/build/lib/task_2
[0.849s] running install
[0.849s] running install_lib
[0.850s] copying /home/elijah/sim_ws/build/task_2/build/lib/task_2/PubNode.py -> /home/elijah/sim_ws/install/task_2/lib/python3.10/site-packages/task_2
[0.850s] copying /home/elijah/sim_ws/build/task_2/build/lib/task_2/ServNode.py -> /home/elijah/sim_ws/install/task_2/lib/python3.10/site-packages/task_2
[0.850s] copying /home/elijah/sim_ws/build/task_2/build/lib/task_2/ClientNode.py -> /home/elijah/sim_ws/install/task_2/lib/python3.10/site-packages/task_2
[0.851s] byte-compiling /home/elijah/sim_ws/install/task_2/lib/python3.10/site-packages/task_2/PubNode.py to PubNode.cpython-310.pyc
[0.851s] byte-compiling /home/elijah/sim_ws/install/task_2/lib/python3.10/site-packages/task_2/ServNode.py to ServNode.cpython-310.pyc
[0.852s] byte-compiling /home/elijah/sim_ws/install/task_2/lib/python3.10/site-packages/task_2/ClientNode.py to ClientNode.cpython-310.pyc
[0.852s] running install_data
[0.852s] copying launch/service_launch.py -> /home/elijah/sim_ws/install/task_2/share/task_2/launch
[0.852s] running install_egg_info
[0.854s] removing '/home/elijah/sim_ws/install/task_2/lib/python3.10/site-packages/task_2-0.0.0-py3.10.egg-info' (and everything under it)
[0.854s] Copying ../../build/task_2/task_2.egg-info to /home/elijah/sim_ws/install/task_2/lib/python3.10/site-packages/task_2-0.0.0-py3.10.egg-info
[0.855s] running install_scripts
[0.873s] Installing client script to /home/elijah/sim_ws/install/task_2/lib/task_2
[0.873s] Installing listener script to /home/elijah/sim_ws/install/task_2/lib/task_2
[0.873s] Installing service script to /home/elijah/sim_ws/install/task_2/lib/task_2
[0.873s] Installing talker script to /home/elijah/sim_ws/install/task_2/lib/task_2
[0.874s] writing list of installed files to '/home/elijah/sim_ws/build/task_2/install.log'
[0.895s] Invoked command in '/home/elijah/sim_ws/src/task_2' returned '0': CMAKE_PREFIX_PATH=/home/elijah/sim_ws/install/task_2_interfaces:/home/elijah/sim_ws/install/turtlebot3_gazebo PYTHONPATH=/home/elijah/sim_ws/build/task_2/prefix_override:/usr/lib/python3/dist-packages/colcon_core/task/python/colcon_distutils_commands:/home/elijah/sim_ws/install/task_2/lib/python3.10/site-packages:${PYTHONPATH} /usr/bin/python3 -W ignore:setup.py install is deprecated -W ignore:easy_install command is deprecated setup.py egg_info --egg-base ../../build/task_2 build --build-base /home/elijah/sim_ws/build/task_2/build install --record /home/elijah/sim_ws/build/task_2/install.log --single-version-externally-managed install_data
