[0.031s] Invoking command in '/home/elijah/sim_ws/build/task_2_interfaces': CMAKE_PREFIX_PATH=${CMAKE_PREFIX_PATH}:/home/elijah/sim_ws/install/task_3:/home/elijah/sim_ws/install/task_2:/home/elijah/sim_ws/install/task_1:/home/elijah/sim_ws/install/sim_utils:/opt/ros/humble /usr/bin/cmake --build /home/elijah/sim_ws/build/task_2_interfaces -- -j8 -l8
[1.165s] [  2%] Built target task_2_interfaces__cpp
[1.166s] [ 12%] Built target task_2_interfaces__rosidl_generator_c
[1.166s] [ 12%] Built target ament_cmake_python_copy_task_2_interfaces
[1.167s] [ 23%] Built target task_2_interfaces__rosidl_typesupport_cpp
[1.167s] [ 33%] Built target task_2_interfaces__rosidl_typesupport_fastrtps_cpp
[1.167s] [ 53%] Built target task_2_interfaces__rosidl_typesupport_fastrtps_c
[1.167s] [ 64%] Built target task_2_interfaces__rosidl_typesupport_introspection_cpp
[1.167s] [ 64%] Built target task_2_interfaces__rosidl_typesupport_c
[1.167s] [ 74%] Built target task_2_interfaces__rosidl_typesupport_introspection_c
[1.167s] [ 74%] Built target task_2_interfaces
[1.167s] [ 76%] Built target task_2_interfaces__py
[1.168s] [ 84%] Built target task_2_interfaces__rosidl_generator_py
[1.168s] [ 89%] Built target task_2_interfaces__rosidl_typesupport_fastrtps_c__pyext
[1.168s] [ 94%] Built target task_2_interfaces__rosidl_typesupport_c__pyext
[1.168s] [100%] Built target task_2_interfaces__rosidl_typesupport_introspection_c__pyext
[1.169s] running egg_info
[1.169s] writing task_2_interfaces.egg-info/PKG-INFO
[1.169s] writing dependency_links to task_2_interfaces.egg-info/dependency_links.txt
[1.169s] writing top-level names to task_2_interfaces.egg-info/top_level.txt
[1.169s] reading manifest file 'task_2_interfaces.egg-info/SOURCES.txt'
[1.169s] writing manifest file 'task_2_interfaces.egg-info/SOURCES.txt'
[1.169s] [100%] Built target ament_cmake_python_build_task_2_interfaces_egg
[1.174s] Invoked command in '/home/elijah/sim_ws/build/task_2_interfaces' returned '0': CMAKE_PREFIX_PATH=${CMAKE_PREFIX_PATH}:/home/elijah/sim_ws/install/task_3:/home/elijah/sim_ws/install/task_2:/home/elijah/sim_ws/install/task_1:/home/elijah/sim_ws/install/sim_utils:/opt/ros/humble /usr/bin/cmake --build /home/elijah/sim_ws/build/task_2_interfaces -- -j8 -l8
[1.186s] Invoking command in '/home/elijah/sim_ws/build/task_2_interfaces': CMAKE_PREFIX_PATH=${CMAKE_PREFIX_PATH}:/home/elijah/sim_ws/install/task_3:/home/elijah/sim_ws/install/task_2:/home/elijah/sim_ws/install/task_1:/home/elijah/sim_ws/install/sim_utils:/opt/ros/humble /usr/bin/cmake --install /home/elijah/sim_ws/build/task_2_interfaces
[1.202s] -- Install configuration: ""
[1.202s] -- Up-to-date: /home/elijah/sim_ws/install/task_2_interfaces/share/ament_index/resource_index/rosidl_interfaces/task_2_interfaces
[1.202s] -- Up-to-date: /home/elijah/sim_ws/install/task_2_interfaces/include/task_2_interfaces/task_2_interfaces
[1.202s] -- Up-to-date: /home/elijah/sim_ws/install/task_2_interfaces/include/task_2_interfaces/task_2_interfaces/srv
[1.202s] -- Up-to-date: /home/elijah/sim_ws/install/task_2_interfaces/include/task_2_interfaces/task_2_interfaces/srv/detail
[1.203s] -- Up-to-date: /home/elijah/sim_ws/install/task_2_interfaces/include/task_2_interfaces/task_2_interfaces/srv/detail/joint_state__functions.c
[1.203s] -- Up-to-date: /home/elijah/sim_ws/install/task_2_interfaces/include/task_2_interfaces/task_2_interfaces/srv/detail/joint_state__functions.h
[1.203s] -- Up-to-date: /home/elijah/sim_ws/install/task_2_interfaces/include/task_2_interfaces/task_2_interfaces/srv/detail/joint_state__struct.h
[1.203s] -- Up-to-date: /home/elijah/sim_ws/install/task_2_interfaces/include/task_2_interfaces/task_2_interfaces/srv/detail/joint_state__type_support.h
[1.203s] -- Up-to-date: /home/elijah/sim_ws/install/task_2_interfaces/include/task_2_interfaces/task_2_interfaces/srv/joint_state.h
[1.203s] -- Up-to-date: /home/elijah/sim_ws/install/task_2_interfaces/include/task_2_interfaces/task_2_interfaces/msg
[1.203s] -- Up-to-date: /home/elijah/sim_ws/install/task_2_interfaces/include/task_2_interfaces/task_2_interfaces/msg/detail
[1.204s] -- Up-to-date: /home/elijah/sim_ws/install/task_2_interfaces/include/task_2_interfaces/task_2_interfaces/msg/detail/joint_data__functions.h
[1.204s] -- Up-to-date: /home/elijah/sim_ws/install/task_2_interfaces/include/task_2_interfaces/task_2_interfaces/msg/detail/joint_data__type_support.h
[1.204s] -- Up-to-date: /home/elijah/sim_ws/install/task_2_interfaces/include/task_2_interfaces/task_2_interfaces/msg/detail/joint_data__functions.c
[1.204s] -- Up-to-date: /home/elijah/sim_ws/install/task_2_interfaces/include/task_2_interfaces/task_2_interfaces/msg/detail/joint_data__struct.h
[1.204s] -- Up-to-date: /home/elijah/sim_ws/install/task_2_interfaces/include/task_2_interfaces/task_2_interfaces/msg/rosidl_generator_c__visibility_control.h
[1.204s] -- Up-to-date: /home/elijah/sim_ws/install/task_2_interfaces/include/task_2_interfaces/task_2_interfaces/msg/joint_data.h
[1.204s] -- Up-to-date: /home/elijah/sim_ws/install/task_2_interfaces/share/task_2_interfaces/environment/library_path.sh
[1.205s] -- Up-to-date: /home/elijah/sim_ws/install/task_2_interfaces/share/task_2_interfaces/environment/library_path.dsv
[1.205s] -- Up-to-date: /home/elijah/sim_ws/install/task_2_interfaces/lib/libtask_2_interfaces__rosidl_generator_c.so
[1.206s] -- Up-to-date: /home/elijah/sim_ws/install/task_2_interfaces/include/task_2_interfaces/task_2_interfaces
[1.207s] -- Up-to-date: /home/elijah/sim_ws/install/task_2_interfaces/include/task_2_interfaces/task_2_interfaces/srv
[1.207s] -- Up-to-date: /home/elijah/sim_ws/install/task_2_interfaces/include/task_2_interfaces/task_2_interfaces/srv/detail
[1.207s] -- Up-to-date: /home/elijah/sim_ws/install/task_2_interfaces/include/task_2_interfaces/task_2_interfaces/srv/detail/joint_state__rosidl_typesupport_fastrtps_c.h
[1.207s] -- Up-to-date: /home/elijah/sim_ws/install/task_2_interfaces/include/task_2_interfaces/task_2_interfaces/msg
[1.208s] -- Up-to-date: /home/elijah/sim_ws/install/task_2_interfaces/include/task_2_interfaces/task_2_interfaces/msg/detail
[1.208s] -- Up-to-date: /home/elijah/sim_ws/install/task_2_interfaces/include/task_2_interfaces/task_2_interfaces/msg/detail/joint_data__rosidl_typesupport_fastrtps_c.h
[1.208s] -- Up-to-date: /home/elijah/sim_ws/install/task_2_interfaces/include/task_2_interfaces/task_2_interfaces/msg/rosidl_typesupport_fastrtps_c__visibility_control.h
[1.209s] -- Up-to-date: /home/elijah/sim_ws/install/task_2_interfaces/lib/libtask_2_interfaces__rosidl_typesupport_fastrtps_c.so
[1.211s] -- Up-to-date: /home/elijah/sim_ws/install/task_2_interfaces/include/task_2_interfaces/task_2_interfaces
[1.211s] -- Up-to-date: /home/elijah/sim_ws/install/task_2_interfaces/include/task_2_interfaces/task_2_interfaces/srv
[1.211s] -- Up-to-date: /home/elijah/sim_ws/install/task_2_interfaces/include/task_2_interfaces/task_2_interfaces/srv/detail
[1.212s] -- Up-to-date: /home/elijah/sim_ws/install/task_2_interfaces/include/task_2_interfaces/task_2_interfaces/srv/detail/joint_state__type_support.c
[1.212s] -- Up-to-date: /home/elijah/sim_ws/install/task_2_interfaces/include/task_2_interfaces/task_2_interfaces/srv/detail/joint_state__rosidl_typesupport_introspection_c.h
[1.212s] -- Up-to-date: /home/elijah/sim_ws/install/task_2_interfaces/include/task_2_interfaces/task_2_interfaces/msg
[1.213s] -- Up-to-date: /home/elijah/sim_ws/install/task_2_interfaces/include/task_2_interfaces/task_2_interfaces/msg/detail
[1.213s] -- Up-to-date: /home/elijah/sim_ws/install/task_2_interfaces/include/task_2_interfaces/task_2_interfaces/msg/detail/joint_data__rosidl_typesupport_introspection_c.h
[1.214s] -- Up-to-date: /home/elijah/sim_ws/install/task_2_interfaces/include/task_2_interfaces/task_2_interfaces/msg/detail/joint_data__type_support.c
[1.214s] -- Up-to-date: /home/elijah/sim_ws/install/task_2_interfaces/include/task_2_interfaces/task_2_interfaces/msg/rosidl_typesupport_introspection_c__visibility_control.h
[1.215s] -- Up-to-date: /home/elijah/sim_ws/install/task_2_interfaces/lib/libtask_2_interfaces__rosidl_typesupport_introspection_c.so
[1.215s] -- Up-to-date: /home/elijah/sim_ws/install/task_2_interfaces/lib/libtask_2_interfaces__rosidl_typesupport_c.so
[1.216s] -- Up-to-date: /home/elijah/sim_ws/install/task_2_interfaces/include/task_2_interfaces/task_2_interfaces
[1.216s] -- Up-to-date: /home/elijah/sim_ws/install/task_2_interfaces/include/task_2_interfaces/task_2_interfaces/srv
[1.217s] -- Up-to-date: /home/elijah/sim_ws/install/task_2_interfaces/include/task_2_interfaces/task_2_interfaces/srv/detail
[1.217s] -- Up-to-date: /home/elijah/sim_ws/install/task_2_interfaces/include/task_2_interfaces/task_2_interfaces/srv/detail/joint_state__struct.hpp
[1.218s] -- Up-to-date: /home/elijah/sim_ws/install/task_2_interfaces/include/task_2_interfaces/task_2_interfaces/srv/detail/joint_state__type_support.hpp
[1.218s] -- Up-to-date: /home/elijah/sim_ws/install/task_2_interfaces/include/task_2_interfaces/task_2_interfaces/srv/detail/joint_state__traits.hpp
[1.218s] -- Up-to-date: /home/elijah/sim_ws/install/task_2_interfaces/include/task_2_interfaces/task_2_interfaces/srv/detail/joint_state__builder.hpp
[1.218s] -- Up-to-date: /home/elijah/sim_ws/install/task_2_interfaces/include/task_2_interfaces/task_2_interfaces/srv/joint_state.hpp
[1.219s] -- Up-to-date: /home/elijah/sim_ws/install/task_2_interfaces/include/task_2_interfaces/task_2_interfaces/msg
[1.219s] -- Up-to-date: /home/elijah/sim_ws/install/task_2_interfaces/include/task_2_interfaces/task_2_interfaces/msg/detail
[1.219s] -- Up-to-date: /home/elijah/sim_ws/install/task_2_interfaces/include/task_2_interfaces/task_2_interfaces/msg/detail/joint_data__type_support.hpp
[1.221s] -- Up-to-date: /home/elijah/sim_ws/install/task_2_interfaces/include/task_2_interfaces/task_2_interfaces/msg/detail/joint_data__traits.hpp
[1.221s] -- Up-to-date: /home/elijah/sim_ws/install/task_2_interfaces/include/task_2_interfaces/task_2_interfaces/msg/detail/joint_data__struct.hpp
[1.221s] -- Up-to-date: /home/elijah/sim_ws/install/task_2_interfaces/include/task_2_interfaces/task_2_interfaces/msg/detail/joint_data__builder.hpp
[1.221s] -- Up-to-date: /home/elijah/sim_ws/install/task_2_interfaces/include/task_2_interfaces/task_2_interfaces/msg/rosidl_generator_cpp__visibility_control.hpp
[1.222s] -- Up-to-date: /home/elijah/sim_ws/install/task_2_interfaces/include/task_2_interfaces/task_2_interfaces/msg/joint_data.hpp
[1.223s] -- Up-to-date: /home/elijah/sim_ws/install/task_2_interfaces/include/task_2_interfaces/task_2_interfaces
[1.223s] -- Up-to-date: /home/elijah/sim_ws/install/task_2_interfaces/include/task_2_interfaces/task_2_interfaces/srv
[1.223s] -- Up-to-date: /home/elijah/sim_ws/install/task_2_interfaces/include/task_2_interfaces/task_2_interfaces/srv/detail
[1.223s] -- Up-to-date: /home/elijah/sim_ws/install/task_2_interfaces/include/task_2_interfaces/task_2_interfaces/srv/detail/dds_fastrtps
[1.223s] -- Up-to-date: /home/elijah/sim_ws/install/task_2_interfaces/include/task_2_interfaces/task_2_interfaces/srv/detail/joint_state__rosidl_typesupport_fastrtps_cpp.hpp
[1.223s] -- Up-to-date: /home/elijah/sim_ws/install/task_2_interfaces/include/task_2_interfaces/task_2_interfaces/msg
[1.223s] -- Up-to-date: /home/elijah/sim_ws/install/task_2_interfaces/include/task_2_interfaces/task_2_interfaces/msg/detail
[1.223s] -- Up-to-date: /home/elijah/sim_ws/install/task_2_interfaces/include/task_2_interfaces/task_2_interfaces/msg/detail/dds_fastrtps
[1.224s] -- Up-to-date: /home/elijah/sim_ws/install/task_2_interfaces/include/task_2_interfaces/task_2_interfaces/msg/detail/joint_data__rosidl_typesupport_fastrtps_cpp.hpp
[1.226s] -- Up-to-date: /home/elijah/sim_ws/install/task_2_interfaces/include/task_2_interfaces/task_2_interfaces/msg/rosidl_typesupport_fastrtps_cpp__visibility_control.h
[1.229s] -- Up-to-date: /home/elijah/sim_ws/install/task_2_interfaces/lib/libtask_2_interfaces__rosidl_typesupport_fastrtps_cpp.so
[1.229s] -- Up-to-date: /home/elijah/sim_ws/install/task_2_interfaces/include/task_2_interfaces/task_2_interfaces
[1.230s] -- Up-to-date: /home/elijah/sim_ws/install/task_2_interfaces/include/task_2_interfaces/task_2_interfaces/srv
[1.230s] -- Up-to-date: /home/elijah/sim_ws/install/task_2_interfaces/include/task_2_interfaces/task_2_interfaces/srv/detail
[1.230s] -- Up-to-date: /home/elijah/sim_ws/install/task_2_interfaces/include/task_2_interfaces/task_2_interfaces/srv/detail/joint_state__rosidl_typesupport_introspection_cpp.hpp
[1.230s] -- Up-to-date: /home/elijah/sim_ws/install/task_2_interfaces/include/task_2_interfaces/task_2_interfaces/srv/detail/joint_state__type_support.cpp
[1.230s] -- Up-to-date: /home/elijah/sim_ws/install/task_2_interfaces/include/task_2_interfaces/task_2_interfaces/msg
[1.230s] -- Up-to-date: /home/elijah/sim_ws/install/task_2_interfaces/include/task_2_interfaces/task_2_interfaces/msg/detail
[1.231s] -- Up-to-date: /home/elijah/sim_ws/install/task_2_interfaces/include/task_2_interfaces/task_2_interfaces/msg/detail/joint_data__rosidl_typesupport_introspection_cpp.hpp
[1.231s] -- Up-to-date: /home/elijah/sim_ws/install/task_2_interfaces/include/task_2_interfaces/task_2_interfaces/msg/detail/joint_data__type_support.cpp
[1.231s] -- Up-to-date: /home/elijah/sim_ws/install/task_2_interfaces/lib/libtask_2_interfaces__rosidl_typesupport_introspection_cpp.so
[1.231s] -- Up-to-date: /home/elijah/sim_ws/install/task_2_interfaces/lib/libtask_2_interfaces__rosidl_typesupport_cpp.so
[1.231s] -- Up-to-date: /home/elijah/sim_ws/install/task_2_interfaces/share/task_2_interfaces/environment/pythonpath.sh
[1.231s] -- Up-to-date: /home/elijah/sim_ws/install/task_2_interfaces/share/task_2_interfaces/environment/pythonpath.dsv
[1.231s] -- Up-to-date: /home/elijah/sim_ws/install/task_2_interfaces/local/lib/python3.10/dist-packages/task_2_interfaces-0.0.0-py3.10.egg-info
[1.232s] -- Installing: /home/elijah/sim_ws/install/task_2_interfaces/local/lib/python3.10/dist-packages/task_2_interfaces-0.0.0-py3.10.egg-info/PKG-INFO
[1.232s] -- Installing: /home/elijah/sim_ws/install/task_2_interfaces/local/lib/python3.10/dist-packages/task_2_interfaces-0.0.0-py3.10.egg-info/top_level.txt
[1.232s] -- Installing: /home/elijah/sim_ws/install/task_2_interfaces/local/lib/python3.10/dist-packages/task_2_interfaces-0.0.0-py3.10.egg-info/dependency_links.txt
[1.232s] -- Installing: /home/elijah/sim_ws/install/task_2_interfaces/local/lib/python3.10/dist-packages/task_2_interfaces-0.0.0-py3.10.egg-info/SOURCES.txt
[1.232s] -- Up-to-date: /home/elijah/sim_ws/install/task_2_interfaces/local/lib/python3.10/dist-packages/task_2_interfaces
[1.232s] -- Up-to-date: /home/elijah/sim_ws/install/task_2_interfaces/local/lib/python3.10/dist-packages/task_2_interfaces/_task_2_interfaces_s.ep.rosidl_typesupport_c.c
[1.232s] -- Up-to-date: /home/elijah/sim_ws/install/task_2_interfaces/local/lib/python3.10/dist-packages/task_2_interfaces/__init__.py
[1.232s] -- Up-to-date: /home/elijah/sim_ws/install/task_2_interfaces/local/lib/python3.10/dist-packages/task_2_interfaces/task_2_interfaces_s__rosidl_typesupport_fastrtps_c.cpython-310-x86_64-linux-gnu.so
[1.233s] -- Up-to-date: /home/elijah/sim_ws/install/task_2_interfaces/local/lib/python3.10/dist-packages/task_2_interfaces/task_2_interfaces_s__rosidl_typesupport_introspection_c.cpython-310-x86_64-linux-gnu.so
[1.233s] -- Up-to-date: /home/elijah/sim_ws/install/task_2_interfaces/local/lib/python3.10/dist-packages/task_2_interfaces/_task_2_interfaces_s.ep.rosidl_typesupport_fastrtps_c.c
[1.234s] -- Up-to-date: /home/elijah/sim_ws/install/task_2_interfaces/local/lib/python3.10/dist-packages/task_2_interfaces/_task_2_interfaces_s.ep.rosidl_typesupport_introspection_c.c
[1.234s] -- Up-to-date: /home/elijah/sim_ws/install/task_2_interfaces/local/lib/python3.10/dist-packages/task_2_interfaces/srv
[1.234s] -- Up-to-date: /home/elijah/sim_ws/install/task_2_interfaces/local/lib/python3.10/dist-packages/task_2_interfaces/srv/_joint_state.py
[1.235s] -- Up-to-date: /home/elijah/sim_ws/install/task_2_interfaces/local/lib/python3.10/dist-packages/task_2_interfaces/srv/__init__.py
[1.235s] -- Up-to-date: /home/elijah/sim_ws/install/task_2_interfaces/local/lib/python3.10/dist-packages/task_2_interfaces/srv/_joint_state_s.c
[1.235s] -- Up-to-date: /home/elijah/sim_ws/install/task_2_interfaces/local/lib/python3.10/dist-packages/task_2_interfaces/task_2_interfaces_s__rosidl_typesupport_c.cpython-310-x86_64-linux-gnu.so
[1.235s] -- Up-to-date: /home/elijah/sim_ws/install/task_2_interfaces/local/lib/python3.10/dist-packages/task_2_interfaces/msg
[1.235s] -- Up-to-date: /home/elijah/sim_ws/install/task_2_interfaces/local/lib/python3.10/dist-packages/task_2_interfaces/msg/__init__.py
[1.239s] -- Up-to-date: /home/elijah/sim_ws/install/task_2_interfaces/local/lib/python3.10/dist-packages/task_2_interfaces/msg/_joint_data_s.c
[1.239s] -- Up-to-date: /home/elijah/sim_ws/install/task_2_interfaces/local/lib/python3.10/dist-packages/task_2_interfaces/msg/_joint_data.py
[1.239s] -- Up-to-date: /home/elijah/sim_ws/install/task_2_interfaces/local/lib/python3.10/dist-packages/task_2_interfaces/libtask_2_interfaces__rosidl_generator_py.so
[1.322s] Listing '/home/elijah/sim_ws/install/task_2_interfaces/local/lib/python3.10/dist-packages/task_2_interfaces'...
[1.322s] Listing '/home/elijah/sim_ws/install/task_2_interfaces/local/lib/python3.10/dist-packages/task_2_interfaces/msg'...
[1.322s] Listing '/home/elijah/sim_ws/install/task_2_interfaces/local/lib/python3.10/dist-packages/task_2_interfaces/srv'...
[1.344s] -- Up-to-date: /home/elijah/sim_ws/install/task_2_interfaces/local/lib/python3.10/dist-packages/task_2_interfaces/task_2_interfaces_s__rosidl_typesupport_fastrtps_c.cpython-310-x86_64-linux-gnu.so
[1.345s] -- Up-to-date: /home/elijah/sim_ws/install/task_2_interfaces/local/lib/python3.10/dist-packages/task_2_interfaces/task_2_interfaces_s__rosidl_typesupport_introspection_c.cpython-310-x86_64-linux-gnu.so
[1.345s] -- Up-to-date: /home/elijah/sim_ws/install/task_2_interfaces/local/lib/python3.10/dist-packages/task_2_interfaces/task_2_interfaces_s__rosidl_typesupport_c.cpython-310-x86_64-linux-gnu.so
[1.346s] -- Up-to-date: /home/elijah/sim_ws/install/task_2_interfaces/lib/libtask_2_interfaces__rosidl_generator_py.so
[1.346s] -- Up-to-date: /home/elijah/sim_ws/install/task_2_interfaces/share/task_2_interfaces/msg/JointData.idl
[1.346s] -- Up-to-date: /home/elijah/sim_ws/install/task_2_interfaces/share/task_2_interfaces/srv/JointState.idl
[1.346s] -- Up-to-date: /home/elijah/sim_ws/install/task_2_interfaces/share/task_2_interfaces/msg/JointData.msg
[1.347s] -- Up-to-date: /home/elijah/sim_ws/install/task_2_interfaces/share/task_2_interfaces/srv/JointState.srv
[1.347s] -- Up-to-date: /home/elijah/sim_ws/install/task_2_interfaces/share/task_2_interfaces/srv/JointState_Request.msg
[1.347s] -- Up-to-date: /home/elijah/sim_ws/install/task_2_interfaces/share/task_2_interfaces/srv/JointState_Response.msg
[1.347s] -- Up-to-date: /home/elijah/sim_ws/install/task_2_interfaces/share/ament_index/resource_index/package_run_dependencies/task_2_interfaces
[1.348s] -- Up-to-date: /home/elijah/sim_ws/install/task_2_interfaces/share/ament_index/resource_index/parent_prefix_path/task_2_interfaces
[1.348s] -- Up-to-date: /home/elijah/sim_ws/install/task_2_interfaces/share/task_2_interfaces/environment/ament_prefix_path.sh
[1.349s] -- Up-to-date: /home/elijah/sim_ws/install/task_2_interfaces/share/task_2_interfaces/environment/ament_prefix_path.dsv
[1.350s] -- Up-to-date: /home/elijah/sim_ws/install/task_2_interfaces/share/task_2_interfaces/environment/path.sh
[1.350s] -- Up-to-date: /home/elijah/sim_ws/install/task_2_interfaces/share/task_2_interfaces/environment/path.dsv
[1.351s] -- Up-to-date: /home/elijah/sim_ws/install/task_2_interfaces/share/task_2_interfaces/local_setup.bash
[1.351s] -- Up-to-date: /home/elijah/sim_ws/install/task_2_interfaces/share/task_2_interfaces/local_setup.sh
[1.351s] -- Up-to-date: /home/elijah/sim_ws/install/task_2_interfaces/share/task_2_interfaces/local_setup.zsh
[1.351s] -- Up-to-date: /home/elijah/sim_ws/install/task_2_interfaces/share/task_2_interfaces/local_setup.dsv
[1.351s] -- Installing: /home/elijah/sim_ws/install/task_2_interfaces/share/task_2_interfaces/package.dsv
[1.351s] -- Up-to-date: /home/elijah/sim_ws/install/task_2_interfaces/share/ament_index/resource_index/packages/task_2_interfaces
[1.352s] -- Up-to-date: /home/elijah/sim_ws/install/task_2_interfaces/share/task_2_interfaces/cmake/export_task_2_interfaces__rosidl_generator_cExport.cmake
[1.352s] -- Up-to-date: /home/elijah/sim_ws/install/task_2_interfaces/share/task_2_interfaces/cmake/export_task_2_interfaces__rosidl_generator_cExport-noconfig.cmake
[1.352s] -- Up-to-date: /home/elijah/sim_ws/install/task_2_interfaces/share/task_2_interfaces/cmake/export_task_2_interfaces__rosidl_typesupport_fastrtps_cExport.cmake
[1.352s] -- Up-to-date: /home/elijah/sim_ws/install/task_2_interfaces/share/task_2_interfaces/cmake/export_task_2_interfaces__rosidl_typesupport_fastrtps_cExport-noconfig.cmake
[1.352s] -- Up-to-date: /home/elijah/sim_ws/install/task_2_interfaces/share/task_2_interfaces/cmake/task_2_interfaces__rosidl_typesupport_introspection_cExport.cmake
[1.352s] -- Up-to-date: /home/elijah/sim_ws/install/task_2_interfaces/share/task_2_interfaces/cmake/task_2_interfaces__rosidl_typesupport_introspection_cExport-noconfig.cmake
[1.352s] -- Up-to-date: /home/elijah/sim_ws/install/task_2_interfaces/share/task_2_interfaces/cmake/task_2_interfaces__rosidl_typesupport_cExport.cmake
[1.353s] -- Up-to-date: /home/elijah/sim_ws/install/task_2_interfaces/share/task_2_interfaces/cmake/task_2_interfaces__rosidl_typesupport_cExport-noconfig.cmake
[1.353s] -- Up-to-date: /home/elijah/sim_ws/install/task_2_interfaces/share/task_2_interfaces/cmake/export_task_2_interfaces__rosidl_generator_cppExport.cmake
[1.353s] -- Up-to-date: /home/elijah/sim_ws/install/task_2_interfaces/share/task_2_interfaces/cmake/export_task_2_interfaces__rosidl_typesupport_fastrtps_cppExport.cmake
[1.353s] -- Up-to-date: /home/elijah/sim_ws/install/task_2_interfaces/share/task_2_interfaces/cmake/export_task_2_interfaces__rosidl_typesupport_fastrtps_cppExport-noconfig.cmake
[1.353s] -- Up-to-date: /home/elijah/sim_ws/install/task_2_interfaces/share/task_2_interfaces/cmake/task_2_interfaces__rosidl_typesupport_introspection_cppExport.cmake
[1.353s] -- Up-to-date: /home/elijah/sim_ws/install/task_2_interfaces/share/task_2_interfaces/cmake/task_2_interfaces__rosidl_typesupport_introspection_cppExport-noconfig.cmake
[1.353s] -- Up-to-date: /home/elijah/sim_ws/install/task_2_interfaces/share/task_2_interfaces/cmake/task_2_interfaces__rosidl_typesupport_cppExport.cmake
[1.354s] -- Up-to-date: /home/elijah/sim_ws/install/task_2_interfaces/share/task_2_interfaces/cmake/task_2_interfaces__rosidl_typesupport_cppExport-noconfig.cmake
[1.354s] -- Up-to-date: /home/elijah/sim_ws/install/task_2_interfaces/share/task_2_interfaces/cmake/export_task_2_interfaces__rosidl_generator_pyExport.cmake
[1.354s] -- Up-to-date: /home/elijah/sim_ws/install/task_2_interfaces/share/task_2_interfaces/cmake/export_task_2_interfaces__rosidl_generator_pyExport-noconfig.cmake
[1.354s] -- Up-to-date: /home/elijah/sim_ws/install/task_2_interfaces/share/task_2_interfaces/cmake/rosidl_cmake-extras.cmake
[1.354s] -- Up-to-date: /home/elijah/sim_ws/install/task_2_interfaces/share/task_2_interfaces/cmake/ament_cmake_export_dependencies-extras.cmake
[1.354s] -- Up-to-date: /home/elijah/sim_ws/install/task_2_interfaces/share/task_2_interfaces/cmake/ament_cmake_export_include_directories-extras.cmake
[1.354s] -- Up-to-date: /home/elijah/sim_ws/install/task_2_interfaces/share/task_2_interfaces/cmake/ament_cmake_export_libraries-extras.cmake
[1.355s] -- Up-to-date: /home/elijah/sim_ws/install/task_2_interfaces/share/task_2_interfaces/cmake/ament_cmake_export_targets-extras.cmake
[1.355s] -- Up-to-date: /home/elijah/sim_ws/install/task_2_interfaces/share/task_2_interfaces/cmake/rosidl_cmake_export_typesupport_targets-extras.cmake
[1.355s] -- Up-to-date: /home/elijah/sim_ws/install/task_2_interfaces/share/task_2_interfaces/cmake/rosidl_cmake_export_typesupport_libraries-extras.cmake
[1.355s] -- Up-to-date: /home/elijah/sim_ws/install/task_2_interfaces/share/task_2_interfaces/cmake/task_2_interfacesConfig.cmake
[1.355s] -- Up-to-date: /home/elijah/sim_ws/install/task_2_interfaces/share/task_2_interfaces/cmake/task_2_interfacesConfig-version.cmake
[1.355s] -- Up-to-date: /home/elijah/sim_ws/install/task_2_interfaces/share/task_2_interfaces/package.xml
[1.358s] Invoked command in '/home/elijah/sim_ws/build/task_2_interfaces' returned '0': CMAKE_PREFIX_PATH=${CMAKE_PREFIX_PATH}:/home/elijah/sim_ws/install/task_3:/home/elijah/sim_ws/install/task_2:/home/elijah/sim_ws/install/task_1:/home/elijah/sim_ws/install/sim_utils:/opt/ros/humble /usr/bin/cmake --install /home/elijah/sim_ws/build/task_2_interfaces
