[0.093s] DEBUG:colcon:Command line arguments: ['/usr/bin/colcon', 'build']
[0.093s] DEBUG:colcon:Parsed command line arguments: Namespace(log_base=None, log_level=None, verb_name='build', build_base='build', install_base='install', merge_install=False, symlink_install=False, test_result_base=None, continue_on_error=False, executor='parallel', parallel_workers=8, event_handlers=None, ignore_user_meta=False, metas=['./colcon.meta'], base_paths=['.'], packages_ignore=None, packages_ignore_regex=None, paths=None, packages_up_to=None, packages_up_to_regex=None, packages_above=None, packages_above_and_dependencies=None, packages_above_depth=None, packages_select_by_dep=None, packages_skip_by_dep=None, packages_skip_up_to=None, packages_select_build_failed=False, packages_skip_build_finished=False, packages_select_test_failures=False, packages_skip_test_passed=False, packages_select=None, packages_skip=None, packages_select_regex=None, packages_skip_regex=None, packages_start=None, packages_end=None, allow_overriding=[], cmake_args=['-DPYTHON_EXECUTABLE=/usr/bin/python3', '-DPython3_EXECUTABLE=/usr/bin/python3'], cmake_target=None, cmake_target_skip_unavailable=False, cmake_clean_cache=False, cmake_clean_first=False, cmake_force_configure=False, ament_cmake_args=None, catkin_cmake_args=None, catkin_skip_building_tests=False, mixin_files=None, mixin=None, verb_parser=<colcon_mixin.mixin.mixin_argument.MixinArgumentDecorator object at 0x71262305b0d0>, verb_extension=<colcon_core.verb.build.BuildVerb object at 0x71262305ab00>, main=<bound method BuildVerb.main of <colcon_core.verb.build.BuildVerb object at 0x71262305ab00>>, mixin_verb=('build',))
[0.205s] Level 1:colcon.colcon_core.package_discovery:discover_packages(colcon_meta) check parameters
[0.205s] Level 1:colcon.colcon_core.package_discovery:discover_packages(recursive) check parameters
[0.205s] Level 1:colcon.colcon_core.package_discovery:discover_packages(ignore) check parameters
[0.205s] Level 1:colcon.colcon_core.package_discovery:discover_packages(path) check parameters
[0.205s] Level 1:colcon.colcon_core.package_discovery:discover_packages(colcon_meta) discover
[0.205s] Level 1:colcon.colcon_core.package_discovery:discover_packages(recursive) discover
[0.205s] INFO:colcon.colcon_core.package_discovery:Crawling recursively for packages in '/home/elijah/sim_ws'
[0.205s] Level 1:colcon.colcon_core.package_identification:_identify(.) by extensions ['ignore', 'ignore_ament_install']
[0.205s] Level 1:colcon.colcon_core.package_identification:_identify(.) by extension 'ignore'
[0.205s] Level 1:colcon.colcon_core.package_identification:_identify(.) by extension 'ignore_ament_install'
[0.205s] Level 1:colcon.colcon_core.package_identification:_identify(.) by extensions ['colcon_pkg']
[0.205s] Level 1:colcon.colcon_core.package_identification:_identify(.) by extension 'colcon_pkg'
[0.205s] Level 1:colcon.colcon_core.package_identification:_identify(.) by extensions ['colcon_meta']
[0.205s] Level 1:colcon.colcon_core.package_identification:_identify(.) by extension 'colcon_meta'
[0.205s] Level 1:colcon.colcon_core.package_identification:_identify(.) by extensions ['ros']
[0.205s] Level 1:colcon.colcon_core.package_identification:_identify(.) by extension 'ros'
[0.213s] Level 1:colcon.colcon_core.package_identification:_identify(.) by extensions ['cmake', 'python']
[0.213s] Level 1:colcon.colcon_core.package_identification:_identify(.) by extension 'cmake'
[0.213s] Level 1:colcon.colcon_core.package_identification:_identify(.) by extension 'python'
[0.213s] Level 1:colcon.colcon_core.package_identification:_identify(.) by extensions ['python_setup_py']
[0.213s] Level 1:colcon.colcon_core.package_identification:_identify(.) by extension 'python_setup_py'
[0.213s] Level 1:colcon.colcon_core.package_identification:_identify(build) by extensions ['ignore', 'ignore_ament_install']
[0.213s] Level 1:colcon.colcon_core.package_identification:_identify(build) by extension 'ignore'
[0.213s] Level 1:colcon.colcon_core.package_identification:_identify(build) ignored
[0.213s] Level 1:colcon.colcon_core.package_identification:_identify(install) by extensions ['ignore', 'ignore_ament_install']
[0.214s] Level 1:colcon.colcon_core.package_identification:_identify(install) by extension 'ignore'
[0.214s] Level 1:colcon.colcon_core.package_identification:_identify(install) ignored
[0.214s] Level 1:colcon.colcon_core.package_identification:_identify(log) by extensions ['ignore', 'ignore_ament_install']
[0.214s] Level 1:colcon.colcon_core.package_identification:_identify(log) by extension 'ignore'
[0.214s] Level 1:colcon.colcon_core.package_identification:_identify(log) ignored
[0.214s] Level 1:colcon.colcon_core.package_identification:_identify(src) by extensions ['ignore', 'ignore_ament_install']
[0.214s] Level 1:colcon.colcon_core.package_identification:_identify(src) by extension 'ignore'
[0.214s] Level 1:colcon.colcon_core.package_identification:_identify(src) by extension 'ignore_ament_install'
[0.214s] Level 1:colcon.colcon_core.package_identification:_identify(src) by extensions ['colcon_pkg']
[0.214s] Level 1:colcon.colcon_core.package_identification:_identify(src) by extension 'colcon_pkg'
[0.214s] Level 1:colcon.colcon_core.package_identification:_identify(src) by extensions ['colcon_meta']
[0.214s] Level 1:colcon.colcon_core.package_identification:_identify(src) by extension 'colcon_meta'
[0.214s] Level 1:colcon.colcon_core.package_identification:_identify(src) by extensions ['ros']
[0.214s] Level 1:colcon.colcon_core.package_identification:_identify(src) by extension 'ros'
[0.214s] Level 1:colcon.colcon_core.package_identification:_identify(src) by extensions ['cmake', 'python']
[0.214s] Level 1:colcon.colcon_core.package_identification:_identify(src) by extension 'cmake'
[0.214s] Level 1:colcon.colcon_core.package_identification:_identify(src) by extension 'python'
[0.214s] Level 1:colcon.colcon_core.package_identification:_identify(src) by extensions ['python_setup_py']
[0.214s] Level 1:colcon.colcon_core.package_identification:_identify(src) by extension 'python_setup_py'
[0.214s] Level 1:colcon.colcon_core.package_identification:_identify(src/sim_utils) by extensions ['ignore', 'ignore_ament_install']
[0.214s] Level 1:colcon.colcon_core.package_identification:_identify(src/sim_utils) by extension 'ignore'
[0.214s] Level 1:colcon.colcon_core.package_identification:_identify(src/sim_utils) by extension 'ignore_ament_install'
[0.214s] Level 1:colcon.colcon_core.package_identification:_identify(src/sim_utils) by extensions ['colcon_pkg']
[0.214s] Level 1:colcon.colcon_core.package_identification:_identify(src/sim_utils) by extension 'colcon_pkg'
[0.214s] Level 1:colcon.colcon_core.package_identification:_identify(src/sim_utils) by extensions ['colcon_meta']
[0.214s] Level 1:colcon.colcon_core.package_identification:_identify(src/sim_utils) by extension 'colcon_meta'
[0.215s] Level 1:colcon.colcon_core.package_identification:_identify(src/sim_utils) by extensions ['ros']
[0.215s] Level 1:colcon.colcon_core.package_identification:_identify(src/sim_utils) by extension 'ros'
[0.217s] DEBUG:colcon.colcon_core.package_identification:Package 'src/sim_utils' with type 'ros.ament_python' and name 'sim_utils'
[0.217s] Level 1:colcon.colcon_core.package_identification:_identify(src/task_1) by extensions ['ignore', 'ignore_ament_install']
[0.217s] Level 1:colcon.colcon_core.package_identification:_identify(src/task_1) by extension 'ignore'
[0.217s] Level 1:colcon.colcon_core.package_identification:_identify(src/task_1) by extension 'ignore_ament_install'
[0.217s] Level 1:colcon.colcon_core.package_identification:_identify(src/task_1) by extensions ['colcon_pkg']
[0.217s] Level 1:colcon.colcon_core.package_identification:_identify(src/task_1) by extension 'colcon_pkg'
[0.217s] Level 1:colcon.colcon_core.package_identification:_identify(src/task_1) by extensions ['colcon_meta']
[0.217s] Level 1:colcon.colcon_core.package_identification:_identify(src/task_1) by extension 'colcon_meta'
[0.217s] Level 1:colcon.colcon_core.package_identification:_identify(src/task_1) by extensions ['ros']
[0.217s] Level 1:colcon.colcon_core.package_identification:_identify(src/task_1) by extension 'ros'
[0.218s] DEBUG:colcon.colcon_core.package_identification:Package 'src/task_1' with type 'ros.ament_python' and name 'task_1'
[0.218s] Level 1:colcon.colcon_core.package_identification:_identify(src/task_2) by extensions ['ignore', 'ignore_ament_install']
[0.218s] Level 1:colcon.colcon_core.package_identification:_identify(src/task_2) by extension 'ignore'
[0.218s] Level 1:colcon.colcon_core.package_identification:_identify(src/task_2) by extension 'ignore_ament_install'
[0.218s] Level 1:colcon.colcon_core.package_identification:_identify(src/task_2) by extensions ['colcon_pkg']
[0.218s] Level 1:colcon.colcon_core.package_identification:_identify(src/task_2) by extension 'colcon_pkg'
[0.218s] Level 1:colcon.colcon_core.package_identification:_identify(src/task_2) by extensions ['colcon_meta']
[0.218s] Level 1:colcon.colcon_core.package_identification:_identify(src/task_2) by extension 'colcon_meta'
[0.218s] Level 1:colcon.colcon_core.package_identification:_identify(src/task_2) by extensions ['ros']
[0.218s] Level 1:colcon.colcon_core.package_identification:_identify(src/task_2) by extension 'ros'
[0.219s] DEBUG:colcon.colcon_core.package_identification:Package 'src/task_2' with type 'ros.ament_python' and name 'task_2'
[0.219s] Level 1:colcon.colcon_core.package_identification:_identify(src/task_2_interfaces) by extensions ['ignore', 'ignore_ament_install']
[0.219s] Level 1:colcon.colcon_core.package_identification:_identify(src/task_2_interfaces) by extension 'ignore'
[0.219s] Level 1:colcon.colcon_core.package_identification:_identify(src/task_2_interfaces) by extension 'ignore_ament_install'
[0.219s] Level 1:colcon.colcon_core.package_identification:_identify(src/task_2_interfaces) by extensions ['colcon_pkg']
[0.219s] Level 1:colcon.colcon_core.package_identification:_identify(src/task_2_interfaces) by extension 'colcon_pkg'
[0.219s] Level 1:colcon.colcon_core.package_identification:_identify(src/task_2_interfaces) by extensions ['colcon_meta']
[0.219s] Level 1:colcon.colcon_core.package_identification:_identify(src/task_2_interfaces) by extension 'colcon_meta'
[0.219s] Level 1:colcon.colcon_core.package_identification:_identify(src/task_2_interfaces) by extensions ['ros']
[0.219s] Level 1:colcon.colcon_core.package_identification:_identify(src/task_2_interfaces) by extension 'ros'
[0.221s] DEBUG:colcon.colcon_core.package_identification:Package 'src/task_2_interfaces' with type 'ros.ament_cmake' and name 'task_2_interfaces'
[0.221s] Level 1:colcon.colcon_core.package_identification:_identify(src/task_3) by extensions ['ignore', 'ignore_ament_install']
[0.221s] Level 1:colcon.colcon_core.package_identification:_identify(src/task_3) by extension 'ignore'
[0.221s] Level 1:colcon.colcon_core.package_identification:_identify(src/task_3) by extension 'ignore_ament_install'
[0.221s] Level 1:colcon.colcon_core.package_identification:_identify(src/task_3) by extensions ['colcon_pkg']
[0.221s] Level 1:colcon.colcon_core.package_identification:_identify(src/task_3) by extension 'colcon_pkg'
[0.221s] Level 1:colcon.colcon_core.package_identification:_identify(src/task_3) by extensions ['colcon_meta']
[0.221s] Level 1:colcon.colcon_core.package_identification:_identify(src/task_3) by extension 'colcon_meta'
[0.221s] Level 1:colcon.colcon_core.package_identification:_identify(src/task_3) by extensions ['ros']
[0.221s] Level 1:colcon.colcon_core.package_identification:_identify(src/task_3) by extension 'ros'
[0.221s] DEBUG:colcon.colcon_core.package_identification:Package 'src/task_3' with type 'ros.ament_python' and name 'task_3'
[0.222s] Level 1:colcon.colcon_core.package_identification:_identify(src/turtlebot3_gazebo) by extensions ['ignore', 'ignore_ament_install']
[0.222s] Level 1:colcon.colcon_core.package_identification:_identify(src/turtlebot3_gazebo) by extension 'ignore'
[0.222s] Level 1:colcon.colcon_core.package_identification:_identify(src/turtlebot3_gazebo) by extension 'ignore_ament_install'
[0.222s] Level 1:colcon.colcon_core.package_identification:_identify(src/turtlebot3_gazebo) by extensions ['colcon_pkg']
[0.222s] Level 1:colcon.colcon_core.package_identification:_identify(src/turtlebot3_gazebo) by extension 'colcon_pkg'
[0.222s] Level 1:colcon.colcon_core.package_identification:_identify(src/turtlebot3_gazebo) by extensions ['colcon_meta']
[0.222s] Level 1:colcon.colcon_core.package_identification:_identify(src/turtlebot3_gazebo) by extension 'colcon_meta'
[0.222s] Level 1:colcon.colcon_core.package_identification:_identify(src/turtlebot3_gazebo) by extensions ['ros']
[0.222s] Level 1:colcon.colcon_core.package_identification:_identify(src/turtlebot3_gazebo) by extension 'ros'
[0.223s] DEBUG:colcon.colcon_core.package_identification:Package 'src/turtlebot3_gazebo' with type 'ros.ament_cmake' and name 'turtlebot3_gazebo'
[0.223s] Level 1:colcon.colcon_core.package_discovery:discover_packages(recursive) using defaults
[0.223s] Level 1:colcon.colcon_core.package_discovery:discover_packages(ignore) discover
[0.223s] Level 1:colcon.colcon_core.package_discovery:discover_packages(ignore) using defaults
[0.223s] Level 1:colcon.colcon_core.package_discovery:discover_packages(path) discover
[0.223s] Level 1:colcon.colcon_core.package_discovery:discover_packages(path) using defaults
[0.243s] Level 1:colcon.colcon_core.package_discovery:discover_packages(prefix_path) check parameters
[0.243s] Level 1:colcon.colcon_core.package_discovery:discover_packages(prefix_path) discover
[0.245s] DEBUG:colcon.colcon_installed_package_information.package_discovery:Found 6 installed packages in /home/elijah/sim_ws/install
[0.247s] DEBUG:colcon.colcon_installed_package_information.package_discovery:Found 358 installed packages in /opt/ros/humble
[0.248s] Level 1:colcon.colcon_core.package_discovery:discover_packages(prefix_path) using defaults
[0.277s] Level 5:colcon.colcon_core.verb:set package 'sim_utils' build argument 'cmake_args' from command line to '['-DPYTHON_EXECUTABLE=/usr/bin/python3', '-DPython3_EXECUTABLE=/usr/bin/python3']'
[0.277s] Level 5:colcon.colcon_core.verb:set package 'sim_utils' build argument 'cmake_target' from command line to 'None'
[0.277s] Level 5:colcon.colcon_core.verb:set package 'sim_utils' build argument 'cmake_target_skip_unavailable' from command line to 'False'
[0.277s] Level 5:colcon.colcon_core.verb:set package 'sim_utils' build argument 'cmake_clean_cache' from command line to 'False'
[0.277s] Level 5:colcon.colcon_core.verb:set package 'sim_utils' build argument 'cmake_clean_first' from command line to 'False'
[0.277s] Level 5:colcon.colcon_core.verb:set package 'sim_utils' build argument 'cmake_force_configure' from command line to 'False'
[0.277s] Level 5:colcon.colcon_core.verb:set package 'sim_utils' build argument 'ament_cmake_args' from command line to 'None'
[0.277s] Level 5:colcon.colcon_core.verb:set package 'sim_utils' build argument 'catkin_cmake_args' from command line to 'None'
[0.277s] Level 5:colcon.colcon_core.verb:set package 'sim_utils' build argument 'catkin_skip_building_tests' from command line to 'False'
[0.277s] DEBUG:colcon.colcon_core.verb:Building package 'sim_utils' with the following arguments: {'ament_cmake_args': None, 'build_base': '/home/elijah/sim_ws/build/sim_utils', 'catkin_cmake_args': None, 'catkin_skip_building_tests': False, 'cmake_args': ['-DPYTHON_EXECUTABLE=/usr/bin/python3', '-DPython3_EXECUTABLE=/usr/bin/python3'], 'cmake_clean_cache': False, 'cmake_clean_first': False, 'cmake_force_configure': False, 'cmake_target': None, 'cmake_target_skip_unavailable': False, 'install_base': '/home/elijah/sim_ws/install/sim_utils', 'merge_install': False, 'path': '/home/elijah/sim_ws/src/sim_utils', 'symlink_install': False, 'test_result_base': None}
[0.277s] Level 5:colcon.colcon_core.verb:set package 'task_1' build argument 'cmake_args' from command line to '['-DPYTHON_EXECUTABLE=/usr/bin/python3', '-DPython3_EXECUTABLE=/usr/bin/python3']'
[0.277s] Level 5:colcon.colcon_core.verb:set package 'task_1' build argument 'cmake_target' from command line to 'None'
[0.277s] Level 5:colcon.colcon_core.verb:set package 'task_1' build argument 'cmake_target_skip_unavailable' from command line to 'False'
[0.277s] Level 5:colcon.colcon_core.verb:set package 'task_1' build argument 'cmake_clean_cache' from command line to 'False'
[0.277s] Level 5:colcon.colcon_core.verb:set package 'task_1' build argument 'cmake_clean_first' from command line to 'False'
[0.277s] Level 5:colcon.colcon_core.verb:set package 'task_1' build argument 'cmake_force_configure' from command line to 'False'
[0.277s] Level 5:colcon.colcon_core.verb:set package 'task_1' build argument 'ament_cmake_args' from command line to 'None'
[0.277s] Level 5:colcon.colcon_core.verb:set package 'task_1' build argument 'catkin_cmake_args' from command line to 'None'
[0.277s] Level 5:colcon.colcon_core.verb:set package 'task_1' build argument 'catkin_skip_building_tests' from command line to 'False'
[0.277s] DEBUG:colcon.colcon_core.verb:Building package 'task_1' with the following arguments: {'ament_cmake_args': None, 'build_base': '/home/elijah/sim_ws/build/task_1', 'catkin_cmake_args': None, 'catkin_skip_building_tests': False, 'cmake_args': ['-DPYTHON_EXECUTABLE=/usr/bin/python3', '-DPython3_EXECUTABLE=/usr/bin/python3'], 'cmake_clean_cache': False, 'cmake_clean_first': False, 'cmake_force_configure': False, 'cmake_target': None, 'cmake_target_skip_unavailable': False, 'install_base': '/home/elijah/sim_ws/install/task_1', 'merge_install': False, 'path': '/home/elijah/sim_ws/src/task_1', 'symlink_install': False, 'test_result_base': None}
[0.278s] Level 5:colcon.colcon_core.verb:set package 'task_2_interfaces' build argument 'cmake_args' from command line to '['-DPYTHON_EXECUTABLE=/usr/bin/python3', '-DPython3_EXECUTABLE=/usr/bin/python3']'
[0.278s] Level 5:colcon.colcon_core.verb:set package 'task_2_interfaces' build argument 'cmake_target' from command line to 'None'
[0.278s] Level 5:colcon.colcon_core.verb:set package 'task_2_interfaces' build argument 'cmake_target_skip_unavailable' from command line to 'False'
[0.278s] Level 5:colcon.colcon_core.verb:set package 'task_2_interfaces' build argument 'cmake_clean_cache' from command line to 'False'
[0.278s] Level 5:colcon.colcon_core.verb:set package 'task_2_interfaces' build argument 'cmake_clean_first' from command line to 'False'
[0.278s] Level 5:colcon.colcon_core.verb:set package 'task_2_interfaces' build argument 'cmake_force_configure' from command line to 'False'
[0.278s] Level 5:colcon.colcon_core.verb:set package 'task_2_interfaces' build argument 'ament_cmake_args' from command line to 'None'
[0.278s] Level 5:colcon.colcon_core.verb:set package 'task_2_interfaces' build argument 'catkin_cmake_args' from command line to 'None'
[0.278s] Level 5:colcon.colcon_core.verb:set package 'task_2_interfaces' build argument 'catkin_skip_building_tests' from command line to 'False'
[0.278s] DEBUG:colcon.colcon_core.verb:Building package 'task_2_interfaces' with the following arguments: {'ament_cmake_args': None, 'build_base': '/home/elijah/sim_ws/build/task_2_interfaces', 'catkin_cmake_args': None, 'catkin_skip_building_tests': False, 'cmake_args': ['-DPYTHON_EXECUTABLE=/usr/bin/python3', '-DPython3_EXECUTABLE=/usr/bin/python3'], 'cmake_clean_cache': False, 'cmake_clean_first': False, 'cmake_force_configure': False, 'cmake_target': None, 'cmake_target_skip_unavailable': False, 'install_base': '/home/elijah/sim_ws/install/task_2_interfaces', 'merge_install': False, 'path': '/home/elijah/sim_ws/src/task_2_interfaces', 'symlink_install': False, 'test_result_base': None}
[0.278s] Level 5:colcon.colcon_core.verb:set package 'task_3' build argument 'cmake_args' from command line to '['-DPYTHON_EXECUTABLE=/usr/bin/python3', '-DPython3_EXECUTABLE=/usr/bin/python3']'
[0.278s] Level 5:colcon.colcon_core.verb:set package 'task_3' build argument 'cmake_target' from command line to 'None'
[0.278s] Level 5:colcon.colcon_core.verb:set package 'task_3' build argument 'cmake_target_skip_unavailable' from command line to 'False'
[0.278s] Level 5:colcon.colcon_core.verb:set package 'task_3' build argument 'cmake_clean_cache' from command line to 'False'
[0.278s] Level 5:colcon.colcon_core.verb:set package 'task_3' build argument 'cmake_clean_first' from command line to 'False'
[0.278s] Level 5:colcon.colcon_core.verb:set package 'task_3' build argument 'cmake_force_configure' from command line to 'False'
[0.278s] Level 5:colcon.colcon_core.verb:set package 'task_3' build argument 'ament_cmake_args' from command line to 'None'
[0.278s] Level 5:colcon.colcon_core.verb:set package 'task_3' build argument 'catkin_cmake_args' from command line to 'None'
[0.278s] Level 5:colcon.colcon_core.verb:set package 'task_3' build argument 'catkin_skip_building_tests' from command line to 'False'
[0.278s] DEBUG:colcon.colcon_core.verb:Building package 'task_3' with the following arguments: {'ament_cmake_args': None, 'build_base': '/home/elijah/sim_ws/build/task_3', 'catkin_cmake_args': None, 'catkin_skip_building_tests': False, 'cmake_args': ['-DPYTHON_EXECUTABLE=/usr/bin/python3', '-DPython3_EXECUTABLE=/usr/bin/python3'], 'cmake_clean_cache': False, 'cmake_clean_first': False, 'cmake_force_configure': False, 'cmake_target': None, 'cmake_target_skip_unavailable': False, 'install_base': '/home/elijah/sim_ws/install/task_3', 'merge_install': False, 'path': '/home/elijah/sim_ws/src/task_3', 'symlink_install': False, 'test_result_base': None}
[0.279s] Level 5:colcon.colcon_core.verb:set package 'turtlebot3_gazebo' build argument 'cmake_args' from command line to '['-DPYTHON_EXECUTABLE=/usr/bin/python3', '-DPython3_EXECUTABLE=/usr/bin/python3']'
[0.279s] Level 5:colcon.colcon_core.verb:set package 'turtlebot3_gazebo' build argument 'cmake_target' from command line to 'None'
[0.279s] Level 5:colcon.colcon_core.verb:set package 'turtlebot3_gazebo' build argument 'cmake_target_skip_unavailable' from command line to 'False'
[0.279s] Level 5:colcon.colcon_core.verb:set package 'turtlebot3_gazebo' build argument 'cmake_clean_cache' from command line to 'False'
[0.279s] Level 5:colcon.colcon_core.verb:set package 'turtlebot3_gazebo' build argument 'cmake_clean_first' from command line to 'False'
[0.279s] Level 5:colcon.colcon_core.verb:set package 'turtlebot3_gazebo' build argument 'cmake_force_configure' from command line to 'False'
[0.279s] Level 5:colcon.colcon_core.verb:set package 'turtlebot3_gazebo' build argument 'ament_cmake_args' from command line to 'None'
[0.279s] Level 5:colcon.colcon_core.verb:set package 'turtlebot3_gazebo' build argument 'catkin_cmake_args' from command line to 'None'
[0.279s] Level 5:colcon.colcon_core.verb:set package 'turtlebot3_gazebo' build argument 'catkin_skip_building_tests' from command line to 'False'
[0.279s] DEBUG:colcon.colcon_core.verb:Building package 'turtlebot3_gazebo' with the following arguments: {'ament_cmake_args': None, 'build_base': '/home/elijah/sim_ws/build/turtlebot3_gazebo', 'catkin_cmake_args': None, 'catkin_skip_building_tests': False, 'cmake_args': ['-DPYTHON_EXECUTABLE=/usr/bin/python3', '-DPython3_EXECUTABLE=/usr/bin/python3'], 'cmake_clean_cache': False, 'cmake_clean_first': False, 'cmake_force_configure': False, 'cmake_target': None, 'cmake_target_skip_unavailable': False, 'install_base': '/home/elijah/sim_ws/install/turtlebot3_gazebo', 'merge_install': False, 'path': '/home/elijah/sim_ws/src/turtlebot3_gazebo', 'symlink_install': False, 'test_result_base': None}
[0.279s] Level 5:colcon.colcon_core.verb:set package 'task_2' build argument 'cmake_args' from command line to '['-DPYTHON_EXECUTABLE=/usr/bin/python3', '-DPython3_EXECUTABLE=/usr/bin/python3']'
[0.279s] Level 5:colcon.colcon_core.verb:set package 'task_2' build argument 'cmake_target' from command line to 'None'
[0.279s] Level 5:colcon.colcon_core.verb:set package 'task_2' build argument 'cmake_target_skip_unavailable' from command line to 'False'
[0.279s] Level 5:colcon.colcon_core.verb:set package 'task_2' build argument 'cmake_clean_cache' from command line to 'False'
[0.279s] Level 5:colcon.colcon_core.verb:set package 'task_2' build argument 'cmake_clean_first' from command line to 'False'
[0.279s] Level 5:colcon.colcon_core.verb:set package 'task_2' build argument 'cmake_force_configure' from command line to 'False'
[0.279s] Level 5:colcon.colcon_core.verb:set package 'task_2' build argument 'ament_cmake_args' from command line to 'None'
[0.279s] Level 5:colcon.colcon_core.verb:set package 'task_2' build argument 'catkin_cmake_args' from command line to 'None'
[0.279s] Level 5:colcon.colcon_core.verb:set package 'task_2' build argument 'catkin_skip_building_tests' from command line to 'False'
[0.279s] DEBUG:colcon.colcon_core.verb:Building package 'task_2' with the following arguments: {'ament_cmake_args': None, 'build_base': '/home/elijah/sim_ws/build/task_2', 'catkin_cmake_args': None, 'catkin_skip_building_tests': False, 'cmake_args': ['-DPYTHON_EXECUTABLE=/usr/bin/python3', '-DPython3_EXECUTABLE=/usr/bin/python3'], 'cmake_clean_cache': False, 'cmake_clean_first': False, 'cmake_force_configure': False, 'cmake_target': None, 'cmake_target_skip_unavailable': False, 'install_base': '/home/elijah/sim_ws/install/task_2', 'merge_install': False, 'path': '/home/elijah/sim_ws/src/task_2', 'symlink_install': False, 'test_result_base': None}
[0.279s] INFO:colcon.colcon_core.executor:Executing jobs using 'parallel' executor
[0.281s] DEBUG:colcon.colcon_parallel_executor.executor.parallel:run_until_complete
[0.281s] INFO:colcon.colcon_ros.task.ament_cmake.build:Building ROS package in '/home/elijah/sim_ws/src/task_2_interfaces' with build type 'ament_cmake'
[0.281s] INFO:colcon.colcon_cmake.task.cmake.build:Building CMake package in '/home/elijah/sim_ws/src/task_2_interfaces'
[0.283s] INFO:colcon.colcon_core.plugin_system:Skipping extension 'colcon_core.shell.bat': Not used on non-Windows systems
[0.283s] INFO:colcon.colcon_core.shell:Skip shell extension 'powershell' for command environment: Not usable outside of PowerShell
[0.284s] DEBUG:colcon.colcon_core.shell:Skip shell extension 'dsv' for command environment
[0.286s] INFO:colcon.colcon_ros.task.ament_python.build:Building ROS package in '/home/elijah/sim_ws/src/sim_utils' with build type 'ament_python'
[0.286s] Level 1:colcon.colcon_core.shell:create_environment_hook('sim_utils', 'ament_prefix_path')
[0.287s] INFO:colcon.colcon_core.shell:Creating environment hook '/home/elijah/sim_ws/install/sim_utils/share/sim_utils/hook/ament_prefix_path.ps1'
[0.287s] INFO:colcon.colcon_core.shell:Creating environment descriptor '/home/elijah/sim_ws/install/sim_utils/share/sim_utils/hook/ament_prefix_path.dsv'
[0.288s] INFO:colcon.colcon_core.shell:Creating environment hook '/home/elijah/sim_ws/install/sim_utils/share/sim_utils/hook/ament_prefix_path.sh'
[0.288s] INFO:colcon.colcon_core.shell:Skip shell extension 'powershell' for command environment: Not usable outside of PowerShell
[0.288s] DEBUG:colcon.colcon_core.shell:Skip shell extension 'dsv' for command environment
[0.291s] INFO:colcon.colcon_ros.task.ament_python.build:Building ROS package in '/home/elijah/sim_ws/src/task_1' with build type 'ament_python'
[0.291s] Level 1:colcon.colcon_core.shell:create_environment_hook('task_1', 'ament_prefix_path')
[0.291s] INFO:colcon.colcon_core.shell:Creating environment hook '/home/elijah/sim_ws/install/task_1/share/task_1/hook/ament_prefix_path.ps1'
[0.291s] INFO:colcon.colcon_core.shell:Creating environment descriptor '/home/elijah/sim_ws/install/task_1/share/task_1/hook/ament_prefix_path.dsv'
[0.292s] INFO:colcon.colcon_core.shell:Creating environment hook '/home/elijah/sim_ws/install/task_1/share/task_1/hook/ament_prefix_path.sh'
[0.292s] INFO:colcon.colcon_core.shell:Skip shell extension 'powershell' for command environment: Not usable outside of PowerShell
[0.292s] DEBUG:colcon.colcon_core.shell:Skip shell extension 'dsv' for command environment
[0.295s] INFO:colcon.colcon_ros.task.ament_python.build:Building ROS package in '/home/elijah/sim_ws/src/task_3' with build type 'ament_python'
[0.295s] Level 1:colcon.colcon_core.shell:create_environment_hook('task_3', 'ament_prefix_path')
[0.295s] INFO:colcon.colcon_core.shell:Creating environment hook '/home/elijah/sim_ws/install/task_3/share/task_3/hook/ament_prefix_path.ps1'
[0.296s] INFO:colcon.colcon_core.shell:Creating environment descriptor '/home/elijah/sim_ws/install/task_3/share/task_3/hook/ament_prefix_path.dsv'
[0.296s] INFO:colcon.colcon_core.shell:Creating environment hook '/home/elijah/sim_ws/install/task_3/share/task_3/hook/ament_prefix_path.sh'
[0.297s] INFO:colcon.colcon_core.shell:Skip shell extension 'powershell' for command environment: Not usable outside of PowerShell
[0.297s] DEBUG:colcon.colcon_core.shell:Skip shell extension 'dsv' for command environment
[0.299s] INFO:colcon.colcon_ros.task.ament_cmake.build:Building ROS package in '/home/elijah/sim_ws/src/turtlebot3_gazebo' with build type 'ament_cmake'
[0.299s] INFO:colcon.colcon_cmake.task.cmake.build:Building CMake package in '/home/elijah/sim_ws/src/turtlebot3_gazebo'
[0.299s] INFO:colcon.colcon_core.shell:Skip shell extension 'powershell' for command environment: Not usable outside of PowerShell
[0.300s] DEBUG:colcon.colcon_core.shell:Skip shell extension 'dsv' for command environment
[0.307s] DEBUG:colcon.colcon_core.event_handler.log_command:Invoking command in '/home/elijah/sim_ws/build/task_2_interfaces': CMAKE_PREFIX_PATH=${CMAKE_PREFIX_PATH}:/home/elijah/sim_ws/install/task_3:/home/elijah/sim_ws/install/task_2:/home/elijah/sim_ws/install/task_1:/home/elijah/sim_ws/install/sim_utils:/opt/ros/humble /usr/bin/cmake --build /home/elijah/sim_ws/build/task_2_interfaces -- -j8 -l8
[0.581s] INFO:colcon.colcon_core.task.python.build:Building Python package in '/home/elijah/sim_ws/src/sim_utils'
[0.581s] INFO:colcon.colcon_core.shell:Skip shell extension 'powershell' for command environment: Not usable outside of PowerShell
[0.581s] DEBUG:colcon.colcon_core.shell:Skip shell extension 'dsv' for command environment
[0.837s] INFO:colcon.colcon_core.task.python.build:Building Python package in '/home/elijah/sim_ws/src/task_1'
[0.837s] INFO:colcon.colcon_core.shell:Skip shell extension 'powershell' for command environment: Not usable outside of PowerShell
[0.838s] DEBUG:colcon.colcon_core.shell:Skip shell extension 'dsv' for command environment
[1.060s] INFO:colcon.colcon_core.task.python.build:Building Python package in '/home/elijah/sim_ws/src/task_3'
[1.061s] INFO:colcon.colcon_core.shell:Skip shell extension 'powershell' for command environment: Not usable outside of PowerShell
[1.061s] DEBUG:colcon.colcon_core.shell:Skip shell extension 'dsv' for command environment
[1.069s] DEBUG:colcon.colcon_core.event_handler.log_command:Invoked command in '/home/elijah/sim_ws/build/task_2_interfaces' returned '0': CMAKE_PREFIX_PATH=${CMAKE_PREFIX_PATH}:/home/elijah/sim_ws/install/task_3:/home/elijah/sim_ws/install/task_2:/home/elijah/sim_ws/install/task_1:/home/elijah/sim_ws/install/sim_utils:/opt/ros/humble /usr/bin/cmake --build /home/elijah/sim_ws/build/task_2_interfaces -- -j8 -l8
[1.078s] DEBUG:colcon.colcon_core.event_handler.log_command:Invoking command in '/home/elijah/sim_ws/build/task_2_interfaces': CMAKE_PREFIX_PATH=${CMAKE_PREFIX_PATH}:/home/elijah/sim_ws/install/task_3:/home/elijah/sim_ws/install/task_2:/home/elijah/sim_ws/install/task_1:/home/elijah/sim_ws/install/sim_utils:/opt/ros/humble /usr/bin/cmake --install /home/elijah/sim_ws/build/task_2_interfaces
[1.081s] DEBUG:colcon.colcon_core.event_handler.log_command:Invoking command in '/home/elijah/sim_ws/build/turtlebot3_gazebo': CMAKE_PREFIX_PATH=${CMAKE_PREFIX_PATH}:/home/elijah/sim_ws/install/task_3:/home/elijah/sim_ws/install/task_2:/home/elijah/sim_ws/install/task_1:/home/elijah/sim_ws/install/sim_utils:/opt/ros/humble /usr/bin/cmake --build /home/elijah/sim_ws/build/turtlebot3_gazebo -- -j8 -l8
[1.145s] DEBUG:colcon.colcon_core.event_handler.log_command:Invoked command in '/home/elijah/sim_ws/build/turtlebot3_gazebo' returned '0': CMAKE_PREFIX_PATH=${CMAKE_PREFIX_PATH}:/home/elijah/sim_ws/install/task_3:/home/elijah/sim_ws/install/task_2:/home/elijah/sim_ws/install/task_1:/home/elijah/sim_ws/install/sim_utils:/opt/ros/humble /usr/bin/cmake --build /home/elijah/sim_ws/build/turtlebot3_gazebo -- -j8 -l8
[1.148s] DEBUG:colcon.colcon_core.event_handler.log_command:Invoking command in '/home/elijah/sim_ws/build/turtlebot3_gazebo': CMAKE_PREFIX_PATH=${CMAKE_PREFIX_PATH}:/home/elijah/sim_ws/install/task_3:/home/elijah/sim_ws/install/task_2:/home/elijah/sim_ws/install/task_1:/home/elijah/sim_ws/install/sim_utils:/opt/ros/humble /usr/bin/cmake --install /home/elijah/sim_ws/build/turtlebot3_gazebo
[1.167s] Level 1:colcon.colcon_core.environment:create_environment_scripts_only(turtlebot3_gazebo)
[1.175s] DEBUG:colcon.colcon_core.event_handler.log_command:Invoked command in '/home/elijah/sim_ws/build/turtlebot3_gazebo' returned '0': CMAKE_PREFIX_PATH=${CMAKE_PREFIX_PATH}:/home/elijah/sim_ws/install/task_3:/home/elijah/sim_ws/install/task_2:/home/elijah/sim_ws/install/task_1:/home/elijah/sim_ws/install/sim_utils:/opt/ros/humble /usr/bin/cmake --install /home/elijah/sim_ws/build/turtlebot3_gazebo
[1.179s] Level 1:colcon.colcon_core.environment:checking '/home/elijah/sim_ws/install/turtlebot3_gazebo' for CMake module files
[1.180s] Level 1:colcon.colcon_core.environment:checking '/home/elijah/sim_ws/install/turtlebot3_gazebo' for CMake config files
[1.181s] Level 1:colcon.colcon_core.shell:create_environment_hook('turtlebot3_gazebo', 'cmake_prefix_path')
[1.182s] INFO:colcon.colcon_core.shell:Creating environment hook '/home/elijah/sim_ws/install/turtlebot3_gazebo/share/turtlebot3_gazebo/hook/cmake_prefix_path.ps1'
[1.182s] INFO:colcon.colcon_core.shell:Creating environment descriptor '/home/elijah/sim_ws/install/turtlebot3_gazebo/share/turtlebot3_gazebo/hook/cmake_prefix_path.dsv'
[1.183s] INFO:colcon.colcon_core.shell:Creating environment hook '/home/elijah/sim_ws/install/turtlebot3_gazebo/share/turtlebot3_gazebo/hook/cmake_prefix_path.sh'
[1.184s] Level 1:colcon.colcon_core.environment:checking '/home/elijah/sim_ws/install/turtlebot3_gazebo/lib'
[1.185s] Level 1:colcon.colcon_core.environment:checking '/home/elijah/sim_ws/install/turtlebot3_gazebo/bin'
[1.185s] Level 1:colcon.colcon_core.environment:checking '/home/elijah/sim_ws/install/turtlebot3_gazebo/lib/pkgconfig/turtlebot3_gazebo.pc'
[1.185s] Level 1:colcon.colcon_core.environment:checking '/home/elijah/sim_ws/install/turtlebot3_gazebo/lib/python3.10/site-packages'
[1.186s] Level 1:colcon.colcon_core.environment:checking '/home/elijah/sim_ws/install/turtlebot3_gazebo/bin'
[1.186s] INFO:colcon.colcon_core.shell:Creating package script '/home/elijah/sim_ws/install/turtlebot3_gazebo/share/turtlebot3_gazebo/package.ps1'
[1.188s] INFO:colcon.colcon_core.shell:Creating package descriptor '/home/elijah/sim_ws/install/turtlebot3_gazebo/share/turtlebot3_gazebo/package.dsv'
[1.189s] INFO:colcon.colcon_core.shell:Creating package script '/home/elijah/sim_ws/install/turtlebot3_gazebo/share/turtlebot3_gazebo/package.sh'
[1.190s] INFO:colcon.colcon_core.shell:Creating package script '/home/elijah/sim_ws/install/turtlebot3_gazebo/share/turtlebot3_gazebo/package.bash'
[1.191s] INFO:colcon.colcon_core.shell:Creating package script '/home/elijah/sim_ws/install/turtlebot3_gazebo/share/turtlebot3_gazebo/package.zsh'
[1.193s] Level 1:colcon.colcon_core.environment:create_file_with_runtime_dependencies(/home/elijah/sim_ws/install/turtlebot3_gazebo/share/colcon-core/packages/turtlebot3_gazebo)
[1.194s] Level 1:colcon.colcon_core.environment:create_environment_scripts_only(turtlebot3_gazebo)
[1.194s] Level 1:colcon.colcon_core.environment:checking '/home/elijah/sim_ws/install/turtlebot3_gazebo' for CMake module files
[1.195s] Level 1:colcon.colcon_core.environment:checking '/home/elijah/sim_ws/install/turtlebot3_gazebo' for CMake config files
[1.196s] Level 1:colcon.colcon_core.shell:create_environment_hook('turtlebot3_gazebo', 'cmake_prefix_path')
[1.196s] INFO:colcon.colcon_core.shell:Creating environment hook '/home/elijah/sim_ws/install/turtlebot3_gazebo/share/turtlebot3_gazebo/hook/cmake_prefix_path.ps1'
[1.197s] INFO:colcon.colcon_core.shell:Creating environment descriptor '/home/elijah/sim_ws/install/turtlebot3_gazebo/share/turtlebot3_gazebo/hook/cmake_prefix_path.dsv'
[1.198s] INFO:colcon.colcon_core.shell:Creating environment hook '/home/elijah/sim_ws/install/turtlebot3_gazebo/share/turtlebot3_gazebo/hook/cmake_prefix_path.sh'
[1.198s] Level 1:colcon.colcon_core.environment:checking '/home/elijah/sim_ws/install/turtlebot3_gazebo/lib'
[1.199s] Level 1:colcon.colcon_core.environment:checking '/home/elijah/sim_ws/install/turtlebot3_gazebo/bin'
[1.199s] Level 1:colcon.colcon_core.environment:checking '/home/elijah/sim_ws/install/turtlebot3_gazebo/lib/pkgconfig/turtlebot3_gazebo.pc'
[1.199s] Level 1:colcon.colcon_core.environment:checking '/home/elijah/sim_ws/install/turtlebot3_gazebo/lib/python3.10/site-packages'
[1.199s] Level 1:colcon.colcon_core.environment:checking '/home/elijah/sim_ws/install/turtlebot3_gazebo/bin'
[1.200s] INFO:colcon.colcon_core.shell:Creating package script '/home/elijah/sim_ws/install/turtlebot3_gazebo/share/turtlebot3_gazebo/package.ps1'
[1.201s] INFO:colcon.colcon_core.shell:Creating package descriptor '/home/elijah/sim_ws/install/turtlebot3_gazebo/share/turtlebot3_gazebo/package.dsv'
[1.201s] INFO:colcon.colcon_core.shell:Creating package script '/home/elijah/sim_ws/install/turtlebot3_gazebo/share/turtlebot3_gazebo/package.sh'
[1.202s] INFO:colcon.colcon_core.shell:Creating package script '/home/elijah/sim_ws/install/turtlebot3_gazebo/share/turtlebot3_gazebo/package.bash'
[1.203s] INFO:colcon.colcon_core.shell:Creating package script '/home/elijah/sim_ws/install/turtlebot3_gazebo/share/turtlebot3_gazebo/package.zsh'
[1.203s] Level 1:colcon.colcon_core.environment:create_file_with_runtime_dependencies(/home/elijah/sim_ws/install/turtlebot3_gazebo/share/colcon-core/packages/turtlebot3_gazebo)
[1.204s] Level 1:colcon.colcon_core.environment:create_environment_scripts_only(task_2_interfaces)
[1.204s] Level 1:colcon.colcon_core.environment:checking '/home/elijah/sim_ws/install/task_2_interfaces' for CMake module files
[1.205s] DEBUG:colcon.colcon_core.event_handler.log_command:Invoked command in '/home/elijah/sim_ws/build/task_2_interfaces' returned '0': CMAKE_PREFIX_PATH=${CMAKE_PREFIX_PATH}:/home/elijah/sim_ws/install/task_3:/home/elijah/sim_ws/install/task_2:/home/elijah/sim_ws/install/task_1:/home/elijah/sim_ws/install/sim_utils:/opt/ros/humble /usr/bin/cmake --install /home/elijah/sim_ws/build/task_2_interfaces
[1.206s] Level 1:colcon.colcon_core.environment:checking '/home/elijah/sim_ws/install/task_2_interfaces' for CMake config files
[1.207s] Level 1:colcon.colcon_core.shell:create_environment_hook('task_2_interfaces', 'cmake_prefix_path')
[1.207s] INFO:colcon.colcon_core.shell:Creating environment hook '/home/elijah/sim_ws/install/task_2_interfaces/share/task_2_interfaces/hook/cmake_prefix_path.ps1'
[1.208s] INFO:colcon.colcon_core.shell:Creating environment descriptor '/home/elijah/sim_ws/install/task_2_interfaces/share/task_2_interfaces/hook/cmake_prefix_path.dsv'
[1.208s] INFO:colcon.colcon_core.shell:Creating environment hook '/home/elijah/sim_ws/install/task_2_interfaces/share/task_2_interfaces/hook/cmake_prefix_path.sh'
[1.209s] Level 1:colcon.colcon_core.environment:checking '/home/elijah/sim_ws/install/task_2_interfaces/lib'
[1.209s] Level 1:colcon.colcon_core.shell:create_environment_hook('task_2_interfaces', 'ld_library_path_lib')
[1.209s] INFO:colcon.colcon_core.shell:Creating environment hook '/home/elijah/sim_ws/install/task_2_interfaces/share/task_2_interfaces/hook/ld_library_path_lib.ps1'
[1.210s] INFO:colcon.colcon_core.shell:Creating environment descriptor '/home/elijah/sim_ws/install/task_2_interfaces/share/task_2_interfaces/hook/ld_library_path_lib.dsv'
[1.210s] INFO:colcon.colcon_core.shell:Creating environment hook '/home/elijah/sim_ws/install/task_2_interfaces/share/task_2_interfaces/hook/ld_library_path_lib.sh'
[1.211s] Level 1:colcon.colcon_core.environment:checking '/home/elijah/sim_ws/install/task_2_interfaces/bin'
[1.211s] Level 1:colcon.colcon_core.environment:checking '/home/elijah/sim_ws/install/task_2_interfaces/lib/pkgconfig/task_2_interfaces.pc'
[1.212s] Level 1:colcon.colcon_core.environment:checking '/home/elijah/sim_ws/install/task_2_interfaces/lib/python3.10/site-packages'
[1.212s] Level 1:colcon.colcon_core.environment:checking '/home/elijah/sim_ws/install/task_2_interfaces/bin'
[1.212s] INFO:colcon.colcon_core.shell:Creating package script '/home/elijah/sim_ws/install/task_2_interfaces/share/task_2_interfaces/package.ps1'
[1.213s] INFO:colcon.colcon_core.shell:Creating package descriptor '/home/elijah/sim_ws/install/task_2_interfaces/share/task_2_interfaces/package.dsv'
[1.214s] INFO:colcon.colcon_core.shell:Creating package script '/home/elijah/sim_ws/install/task_2_interfaces/share/task_2_interfaces/package.sh'
[1.215s] INFO:colcon.colcon_core.shell:Creating package script '/home/elijah/sim_ws/install/task_2_interfaces/share/task_2_interfaces/package.bash'
[1.216s] INFO:colcon.colcon_core.shell:Creating package script '/home/elijah/sim_ws/install/task_2_interfaces/share/task_2_interfaces/package.zsh'
[1.216s] Level 1:colcon.colcon_core.environment:create_file_with_runtime_dependencies(/home/elijah/sim_ws/install/task_2_interfaces/share/colcon-core/packages/task_2_interfaces)
[1.217s] Level 1:colcon.colcon_core.environment:create_environment_scripts_only(task_2_interfaces)
[1.218s] Level 1:colcon.colcon_core.environment:checking '/home/elijah/sim_ws/install/task_2_interfaces' for CMake module files
[1.219s] Level 1:colcon.colcon_core.environment:checking '/home/elijah/sim_ws/install/task_2_interfaces' for CMake config files
[1.220s] Level 1:colcon.colcon_core.shell:create_environment_hook('task_2_interfaces', 'cmake_prefix_path')
[1.220s] INFO:colcon.colcon_core.shell:Creating environment hook '/home/elijah/sim_ws/install/task_2_interfaces/share/task_2_interfaces/hook/cmake_prefix_path.ps1'
[1.221s] INFO:colcon.colcon_core.shell:Creating environment descriptor '/home/elijah/sim_ws/install/task_2_interfaces/share/task_2_interfaces/hook/cmake_prefix_path.dsv'
[1.221s] INFO:colcon.colcon_core.shell:Creating environment hook '/home/elijah/sim_ws/install/task_2_interfaces/share/task_2_interfaces/hook/cmake_prefix_path.sh'
[1.222s] Level 1:colcon.colcon_core.environment:checking '/home/elijah/sim_ws/install/task_2_interfaces/lib'
[1.222s] Level 1:colcon.colcon_core.shell:create_environment_hook('task_2_interfaces', 'ld_library_path_lib')
[1.223s] INFO:colcon.colcon_core.shell:Creating environment hook '/home/elijah/sim_ws/install/task_2_interfaces/share/task_2_interfaces/hook/ld_library_path_lib.ps1'
[1.223s] INFO:colcon.colcon_core.shell:Creating environment descriptor '/home/elijah/sim_ws/install/task_2_interfaces/share/task_2_interfaces/hook/ld_library_path_lib.dsv'
[1.224s] INFO:colcon.colcon_core.shell:Creating environment hook '/home/elijah/sim_ws/install/task_2_interfaces/share/task_2_interfaces/hook/ld_library_path_lib.sh'
[1.224s] Level 1:colcon.colcon_core.environment:checking '/home/elijah/sim_ws/install/task_2_interfaces/bin'
[1.225s] Level 1:colcon.colcon_core.environment:checking '/home/elijah/sim_ws/install/task_2_interfaces/lib/pkgconfig/task_2_interfaces.pc'
[1.225s] Level 1:colcon.colcon_core.environment:checking '/home/elijah/sim_ws/install/task_2_interfaces/lib/python3.10/site-packages'
[1.225s] Level 1:colcon.colcon_core.environment:checking '/home/elijah/sim_ws/install/task_2_interfaces/bin'
[1.226s] INFO:colcon.colcon_core.shell:Creating package script '/home/elijah/sim_ws/install/task_2_interfaces/share/task_2_interfaces/package.ps1'
[1.227s] INFO:colcon.colcon_core.shell:Creating package descriptor '/home/elijah/sim_ws/install/task_2_interfaces/share/task_2_interfaces/package.dsv'
[1.228s] INFO:colcon.colcon_core.shell:Creating package script '/home/elijah/sim_ws/install/task_2_interfaces/share/task_2_interfaces/package.sh'
[1.228s] INFO:colcon.colcon_core.shell:Creating package script '/home/elijah/sim_ws/install/task_2_interfaces/share/task_2_interfaces/package.bash'
[1.229s] INFO:colcon.colcon_core.shell:Creating package script '/home/elijah/sim_ws/install/task_2_interfaces/share/task_2_interfaces/package.zsh'
[1.230s] Level 1:colcon.colcon_core.environment:create_file_with_runtime_dependencies(/home/elijah/sim_ws/install/task_2_interfaces/share/colcon-core/packages/task_2_interfaces)
[1.230s] INFO:colcon.colcon_ros.task.ament_python.build:Building ROS package in '/home/elijah/sim_ws/src/task_2' with build type 'ament_python'
[1.231s] Level 1:colcon.colcon_core.shell:create_environment_hook('task_2', 'ament_prefix_path')
[1.231s] INFO:colcon.colcon_core.shell:Creating environment hook '/home/elijah/sim_ws/install/task_2/share/task_2/hook/ament_prefix_path.ps1'
[1.232s] INFO:colcon.colcon_core.shell:Creating environment descriptor '/home/elijah/sim_ws/install/task_2/share/task_2/hook/ament_prefix_path.dsv'
[1.232s] INFO:colcon.colcon_core.shell:Creating environment hook '/home/elijah/sim_ws/install/task_2/share/task_2/hook/ament_prefix_path.sh'
[1.234s] INFO:colcon.colcon_core.shell:Skip shell extension 'powershell' for command environment: Not usable outside of PowerShell
[1.234s] DEBUG:colcon.colcon_core.shell:Skip shell extension 'dsv' for command environment
[1.579s] INFO:colcon.colcon_core.task.python.build:Building Python package in '/home/elijah/sim_ws/src/task_2'
[1.579s] INFO:colcon.colcon_core.shell:Skip shell extension 'powershell' for command environment: Not usable outside of PowerShell
[1.579s] DEBUG:colcon.colcon_core.shell:Skip shell extension 'dsv' for command environment
[1.589s] DEBUG:colcon.colcon_core.event_handler.log_command:Invoking command in '/home/elijah/sim_ws/src/task_1': PYTHONPATH=/home/elijah/sim_ws/build/task_1/prefix_override:/usr/lib/python3/dist-packages/colcon_core/task/python/colcon_distutils_commands:/home/elijah/sim_ws/install/task_1/lib/python3.10/site-packages:${PYTHONPATH} /usr/bin/python3 -W ignore:setup.py install is deprecated -W ignore:easy_install command is deprecated setup.py egg_info --egg-base ../../build/task_1 build --build-base /home/elijah/sim_ws/build/task_1/build install --record /home/elijah/sim_ws/build/task_1/install.log --single-version-externally-managed install_data
[1.603s] DEBUG:colcon.colcon_core.event_handler.log_command:Invoking command in '/home/elijah/sim_ws/src/sim_utils': PYTHONPATH=/home/elijah/sim_ws/build/sim_utils/prefix_override:/usr/lib/python3/dist-packages/colcon_core/task/python/colcon_distutils_commands:/home/elijah/sim_ws/install/sim_utils/lib/python3.10/site-packages:${PYTHONPATH} /usr/bin/python3 -W ignore:setup.py install is deprecated -W ignore:easy_install command is deprecated setup.py egg_info --egg-base ../../build/sim_utils build --build-base /home/elijah/sim_ws/build/sim_utils/build install --record /home/elijah/sim_ws/build/sim_utils/install.log --single-version-externally-managed install_data
[1.708s] DEBUG:colcon.colcon_core.event_handler.log_command:Invoking command in '/home/elijah/sim_ws/src/task_3': PYTHONPATH=/home/elijah/sim_ws/build/task_3/prefix_override:/usr/lib/python3/dist-packages/colcon_core/task/python/colcon_distutils_commands:/home/elijah/sim_ws/install/task_3/lib/python3.10/site-packages:${PYTHONPATH} /usr/bin/python3 -W ignore:setup.py install is deprecated -W ignore:easy_install command is deprecated setup.py egg_info --egg-base ../../build/task_3 build --build-base /home/elijah/sim_ws/build/task_3/build install --record /home/elijah/sim_ws/build/task_3/install.log --single-version-externally-managed install_data
[1.953s] Level 1:colcon.colcon_core.environment:checking '/home/elijah/sim_ws/install/task_1' for CMake module files
[1.954s] DEBUG:colcon.colcon_core.event_handler.log_command:Invoked command in '/home/elijah/sim_ws/src/task_1' returned '0': PYTHONPATH=/home/elijah/sim_ws/build/task_1/prefix_override:/usr/lib/python3/dist-packages/colcon_core/task/python/colcon_distutils_commands:/home/elijah/sim_ws/install/task_1/lib/python3.10/site-packages:${PYTHONPATH} /usr/bin/python3 -W ignore:setup.py install is deprecated -W ignore:easy_install command is deprecated setup.py egg_info --egg-base ../../build/task_1 build --build-base /home/elijah/sim_ws/build/task_1/build install --record /home/elijah/sim_ws/build/task_1/install.log --single-version-externally-managed install_data
[1.955s] Level 1:colcon.colcon_core.environment:checking '/home/elijah/sim_ws/install/task_1' for CMake config files
[1.956s] Level 1:colcon.colcon_core.environment:checking '/home/elijah/sim_ws/install/task_1/lib'
[1.956s] Level 1:colcon.colcon_core.environment:checking '/home/elijah/sim_ws/install/task_1/bin'
[1.956s] Level 1:colcon.colcon_core.environment:checking '/home/elijah/sim_ws/install/task_1/lib/pkgconfig/task_1.pc'
[1.956s] Level 1:colcon.colcon_core.environment:checking '/home/elijah/sim_ws/install/task_1/lib/python3.10/site-packages'
[1.956s] Level 1:colcon.colcon_core.shell:create_environment_hook('task_1', 'pythonpath')
[1.957s] INFO:colcon.colcon_core.shell:Creating environment hook '/home/elijah/sim_ws/install/task_1/share/task_1/hook/pythonpath.ps1'
[1.958s] INFO:colcon.colcon_core.shell:Creating environment descriptor '/home/elijah/sim_ws/install/task_1/share/task_1/hook/pythonpath.dsv'
[1.958s] INFO:colcon.colcon_core.shell:Creating environment hook '/home/elijah/sim_ws/install/task_1/share/task_1/hook/pythonpath.sh'
[1.959s] Level 1:colcon.colcon_core.environment:checking '/home/elijah/sim_ws/install/task_1/bin'
[1.959s] Level 1:colcon.colcon_core.environment:create_environment_scripts_only(task_1)
[1.960s] INFO:colcon.colcon_core.shell:Creating package script '/home/elijah/sim_ws/install/task_1/share/task_1/package.ps1'
[1.960s] INFO:colcon.colcon_core.shell:Creating package descriptor '/home/elijah/sim_ws/install/task_1/share/task_1/package.dsv'
[1.961s] INFO:colcon.colcon_core.shell:Creating package script '/home/elijah/sim_ws/install/task_1/share/task_1/package.sh'
[1.962s] INFO:colcon.colcon_core.shell:Creating package script '/home/elijah/sim_ws/install/task_1/share/task_1/package.bash'
[1.962s] INFO:colcon.colcon_core.shell:Creating package script '/home/elijah/sim_ws/install/task_1/share/task_1/package.zsh'
[1.963s] Level 1:colcon.colcon_core.environment:create_file_with_runtime_dependencies(/home/elijah/sim_ws/install/task_1/share/colcon-core/packages/task_1)
[1.973s] Level 1:colcon.colcon_core.environment:checking '/home/elijah/sim_ws/install/sim_utils' for CMake module files
[1.973s] DEBUG:colcon.colcon_core.event_handler.log_command:Invoked command in '/home/elijah/sim_ws/src/sim_utils' returned '0': PYTHONPATH=/home/elijah/sim_ws/build/sim_utils/prefix_override:/usr/lib/python3/dist-packages/colcon_core/task/python/colcon_distutils_commands:/home/elijah/sim_ws/install/sim_utils/lib/python3.10/site-packages:${PYTHONPATH} /usr/bin/python3 -W ignore:setup.py install is deprecated -W ignore:easy_install command is deprecated setup.py egg_info --egg-base ../../build/sim_utils build --build-base /home/elijah/sim_ws/build/sim_utils/build install --record /home/elijah/sim_ws/build/sim_utils/install.log --single-version-externally-managed install_data
[1.974s] Level 1:colcon.colcon_core.environment:checking '/home/elijah/sim_ws/install/sim_utils' for CMake config files
[1.974s] Level 1:colcon.colcon_core.environment:checking '/home/elijah/sim_ws/install/sim_utils/lib'
[1.974s] Level 1:colcon.colcon_core.environment:checking '/home/elijah/sim_ws/install/sim_utils/bin'
[1.974s] Level 1:colcon.colcon_core.environment:checking '/home/elijah/sim_ws/install/sim_utils/lib/pkgconfig/sim_utils.pc'
[1.975s] Level 1:colcon.colcon_core.environment:checking '/home/elijah/sim_ws/install/sim_utils/lib/python3.10/site-packages'
[1.975s] Level 1:colcon.colcon_core.shell:create_environment_hook('sim_utils', 'pythonpath')
[1.975s] INFO:colcon.colcon_core.shell:Creating environment hook '/home/elijah/sim_ws/install/sim_utils/share/sim_utils/hook/pythonpath.ps1'
[1.976s] INFO:colcon.colcon_core.shell:Creating environment descriptor '/home/elijah/sim_ws/install/sim_utils/share/sim_utils/hook/pythonpath.dsv'
[1.976s] INFO:colcon.colcon_core.shell:Creating environment hook '/home/elijah/sim_ws/install/sim_utils/share/sim_utils/hook/pythonpath.sh'
[1.977s] Level 1:colcon.colcon_core.environment:checking '/home/elijah/sim_ws/install/sim_utils/bin'
[1.977s] Level 1:colcon.colcon_core.environment:create_environment_scripts_only(sim_utils)
[1.977s] INFO:colcon.colcon_core.shell:Creating package script '/home/elijah/sim_ws/install/sim_utils/share/sim_utils/package.ps1'
[1.978s] INFO:colcon.colcon_core.shell:Creating package descriptor '/home/elijah/sim_ws/install/sim_utils/share/sim_utils/package.dsv'
[1.978s] INFO:colcon.colcon_core.shell:Creating package script '/home/elijah/sim_ws/install/sim_utils/share/sim_utils/package.sh'
[1.978s] INFO:colcon.colcon_core.shell:Creating package script '/home/elijah/sim_ws/install/sim_utils/share/sim_utils/package.bash'
[1.979s] INFO:colcon.colcon_core.shell:Creating package script '/home/elijah/sim_ws/install/sim_utils/share/sim_utils/package.zsh'
[1.979s] Level 1:colcon.colcon_core.environment:create_file_with_runtime_dependencies(/home/elijah/sim_ws/install/sim_utils/share/colcon-core/packages/sim_utils)
[2.008s] DEBUG:colcon.colcon_core.event_handler.log_command:Invoking command in '/home/elijah/sim_ws/src/task_2': CMAKE_PREFIX_PATH=/home/elijah/sim_ws/install/task_2_interfaces:/home/elijah/sim_ws/install/turtlebot3_gazebo PYTHONPATH=/home/elijah/sim_ws/build/task_2/prefix_override:/usr/lib/python3/dist-packages/colcon_core/task/python/colcon_distutils_commands:/home/elijah/sim_ws/install/task_2/lib/python3.10/site-packages:${PYTHONPATH} /usr/bin/python3 -W ignore:setup.py install is deprecated -W ignore:easy_install command is deprecated setup.py egg_info --egg-base ../../build/task_2 build --build-base /home/elijah/sim_ws/build/task_2/build install --record /home/elijah/sim_ws/build/task_2/install.log --single-version-externally-managed install_data
[2.168s] Level 1:colcon.colcon_core.environment:checking '/home/elijah/sim_ws/install/task_3' for CMake module files
[2.169s] DEBUG:colcon.colcon_core.event_handler.log_command:Invoked command in '/home/elijah/sim_ws/src/task_3' returned '0': PYTHONPATH=/home/elijah/sim_ws/build/task_3/prefix_override:/usr/lib/python3/dist-packages/colcon_core/task/python/colcon_distutils_commands:/home/elijah/sim_ws/install/task_3/lib/python3.10/site-packages:${PYTHONPATH} /usr/bin/python3 -W ignore:setup.py install is deprecated -W ignore:easy_install command is deprecated setup.py egg_info --egg-base ../../build/task_3 build --build-base /home/elijah/sim_ws/build/task_3/build install --record /home/elijah/sim_ws/build/task_3/install.log --single-version-externally-managed install_data
[2.169s] Level 1:colcon.colcon_core.environment:checking '/home/elijah/sim_ws/install/task_3' for CMake config files
[2.170s] Level 1:colcon.colcon_core.environment:checking '/home/elijah/sim_ws/install/task_3/lib'
[2.170s] Level 1:colcon.colcon_core.environment:checking '/home/elijah/sim_ws/install/task_3/bin'
[2.170s] Level 1:colcon.colcon_core.environment:checking '/home/elijah/sim_ws/install/task_3/lib/pkgconfig/task_3.pc'
[2.170s] Level 1:colcon.colcon_core.environment:checking '/home/elijah/sim_ws/install/task_3/lib/python3.10/site-packages'
[2.170s] Level 1:colcon.colcon_core.shell:create_environment_hook('task_3', 'pythonpath')
[2.170s] INFO:colcon.colcon_core.shell:Creating environment hook '/home/elijah/sim_ws/install/task_3/share/task_3/hook/pythonpath.ps1'
[2.171s] INFO:colcon.colcon_core.shell:Creating environment descriptor '/home/elijah/sim_ws/install/task_3/share/task_3/hook/pythonpath.dsv'
[2.171s] INFO:colcon.colcon_core.shell:Creating environment hook '/home/elijah/sim_ws/install/task_3/share/task_3/hook/pythonpath.sh'
[2.172s] Level 1:colcon.colcon_core.environment:checking '/home/elijah/sim_ws/install/task_3/bin'
[2.172s] Level 1:colcon.colcon_core.environment:create_environment_scripts_only(task_3)
[2.173s] INFO:colcon.colcon_core.shell:Creating package script '/home/elijah/sim_ws/install/task_3/share/task_3/package.ps1'
[2.173s] INFO:colcon.colcon_core.shell:Creating package descriptor '/home/elijah/sim_ws/install/task_3/share/task_3/package.dsv'
[2.174s] INFO:colcon.colcon_core.shell:Creating package script '/home/elijah/sim_ws/install/task_3/share/task_3/package.sh'
[2.174s] INFO:colcon.colcon_core.shell:Creating package script '/home/elijah/sim_ws/install/task_3/share/task_3/package.bash'
[2.175s] INFO:colcon.colcon_core.shell:Creating package script '/home/elijah/sim_ws/install/task_3/share/task_3/package.zsh'
[2.175s] Level 1:colcon.colcon_core.environment:create_file_with_runtime_dependencies(/home/elijah/sim_ws/install/task_3/share/colcon-core/packages/task_3)
[2.294s] Level 1:colcon.colcon_core.environment:checking '/home/elijah/sim_ws/install/task_2' for CMake module files
[2.295s] DEBUG:colcon.colcon_core.event_handler.log_command:Invoked command in '/home/elijah/sim_ws/src/task_2' returned '0': CMAKE_PREFIX_PATH=/home/elijah/sim_ws/install/task_2_interfaces:/home/elijah/sim_ws/install/turtlebot3_gazebo PYTHONPATH=/home/elijah/sim_ws/build/task_2/prefix_override:/usr/lib/python3/dist-packages/colcon_core/task/python/colcon_distutils_commands:/home/elijah/sim_ws/install/task_2/lib/python3.10/site-packages:${PYTHONPATH} /usr/bin/python3 -W ignore:setup.py install is deprecated -W ignore:easy_install command is deprecated setup.py egg_info --egg-base ../../build/task_2 build --build-base /home/elijah/sim_ws/build/task_2/build install --record /home/elijah/sim_ws/build/task_2/install.log --single-version-externally-managed install_data
[2.296s] Level 1:colcon.colcon_core.environment:checking '/home/elijah/sim_ws/install/task_2' for CMake config files
[2.296s] Level 1:colcon.colcon_core.environment:checking '/home/elijah/sim_ws/install/task_2/lib'
[2.296s] Level 1:colcon.colcon_core.environment:checking '/home/elijah/sim_ws/install/task_2/bin'
[2.296s] Level 1:colcon.colcon_core.environment:checking '/home/elijah/sim_ws/install/task_2/lib/pkgconfig/task_2.pc'
[2.297s] Level 1:colcon.colcon_core.environment:checking '/home/elijah/sim_ws/install/task_2/lib/python3.10/site-packages'
[2.297s] Level 1:colcon.colcon_core.shell:create_environment_hook('task_2', 'pythonpath')
[2.297s] INFO:colcon.colcon_core.shell:Creating environment hook '/home/elijah/sim_ws/install/task_2/share/task_2/hook/pythonpath.ps1'
[2.298s] INFO:colcon.colcon_core.shell:Creating environment descriptor '/home/elijah/sim_ws/install/task_2/share/task_2/hook/pythonpath.dsv'
[2.298s] INFO:colcon.colcon_core.shell:Creating environment hook '/home/elijah/sim_ws/install/task_2/share/task_2/hook/pythonpath.sh'
[2.299s] Level 1:colcon.colcon_core.environment:checking '/home/elijah/sim_ws/install/task_2/bin'
[2.299s] Level 1:colcon.colcon_core.environment:create_environment_scripts_only(task_2)
[2.299s] INFO:colcon.colcon_core.shell:Creating package script '/home/elijah/sim_ws/install/task_2/share/task_2/package.ps1'
[2.300s] INFO:colcon.colcon_core.shell:Creating package descriptor '/home/elijah/sim_ws/install/task_2/share/task_2/package.dsv'
[2.300s] INFO:colcon.colcon_core.shell:Creating package script '/home/elijah/sim_ws/install/task_2/share/task_2/package.sh'
[2.301s] INFO:colcon.colcon_core.shell:Creating package script '/home/elijah/sim_ws/install/task_2/share/task_2/package.bash'
[2.301s] INFO:colcon.colcon_core.shell:Creating package script '/home/elijah/sim_ws/install/task_2/share/task_2/package.zsh'
[2.301s] Level 1:colcon.colcon_core.environment:create_file_with_runtime_dependencies(/home/elijah/sim_ws/install/task_2/share/colcon-core/packages/task_2)
[2.302s] DEBUG:colcon.colcon_parallel_executor.executor.parallel:closing loop
[2.302s] DEBUG:colcon.colcon_parallel_executor.executor.parallel:loop closed
[2.302s] DEBUG:colcon.colcon_parallel_executor.executor.parallel:run_until_complete finished with '0'
[2.302s] DEBUG:colcon.colcon_core.event_reactor:joining thread
[2.309s] INFO:colcon.colcon_core.plugin_system:Skipping extension 'colcon_notification.desktop_notification.terminal_notifier': Not used on non-Darwin systems
[2.309s] INFO:colcon.colcon_core.plugin_system:Skipping extension 'colcon_notification.desktop_notification.win32': Not used on non-Windows systems
[2.309s] INFO:colcon.colcon_notification.desktop_notification:Sending desktop notification using 'notify2'
[2.322s] DEBUG:colcon.colcon_core.event_reactor:joined thread
[2.322s] INFO:colcon.colcon_core.shell:Creating prefix script '/home/elijah/sim_ws/install/local_setup.ps1'
[2.323s] INFO:colcon.colcon_core.shell:Creating prefix util module '/home/elijah/sim_ws/install/_local_setup_util_ps1.py'
[2.325s] INFO:colcon.colcon_core.shell:Creating prefix chain script '/home/elijah/sim_ws/install/setup.ps1'
[2.326s] INFO:colcon.colcon_core.shell:Creating prefix script '/home/elijah/sim_ws/install/local_setup.sh'
[2.327s] INFO:colcon.colcon_core.shell:Creating prefix util module '/home/elijah/sim_ws/install/_local_setup_util_sh.py'
[2.328s] INFO:colcon.colcon_core.shell:Creating prefix chain script '/home/elijah/sim_ws/install/setup.sh'
[2.329s] INFO:colcon.colcon_core.shell:Creating prefix script '/home/elijah/sim_ws/install/local_setup.bash'
[2.330s] INFO:colcon.colcon_core.shell:Creating prefix chain script '/home/elijah/sim_ws/install/setup.bash'
[2.331s] INFO:colcon.colcon_core.shell:Creating prefix script '/home/elijah/sim_ws/install/local_setup.zsh'
[2.332s] INFO:colcon.colcon_core.shell:Creating prefix chain script '/home/elijah/sim_ws/install/setup.zsh'
