[0.772s] Invoking command in '/home/elijah/sim_ws/src/task_2': CMAKE_PREFIX_PATH=/home/elijah/sim_ws/install/task_2_interfaces:/home/elijah/sim_ws/install/turtlebot3_gazebo PYTHONPATH=/home/elijah/sim_ws/build/task_2/prefix_override:/usr/lib/python3/dist-packages/colcon_core/task/python/colcon_distutils_commands:/home/elijah/sim_ws/install/task_2/lib/python3.10/site-packages:${PYTHONPATH} /usr/bin/python3 -W ignore:setup.py install is deprecated -W ignore:easy_install command is deprecated setup.py egg_info --egg-base ../../build/task_2 build --build-base /home/elijah/sim_ws/build/task_2/build install --record /home/elijah/sim_ws/build/task_2/install.log --single-version-externally-managed install_data
[1.004s] running egg_info
[1.004s] writing ../../build/task_2/task_2.egg-info/PKG-INFO
[1.004s] writing dependency_links to ../../build/task_2/task_2.egg-info/dependency_links.txt
[1.004s] writing entry points to ../../build/task_2/task_2.egg-info/entry_points.txt
[1.004s] writing requirements to ../../build/task_2/task_2.egg-info/requires.txt
[1.004s] writing top-level names to ../../build/task_2/task_2.egg-info/top_level.txt
[1.006s] reading manifest file '../../build/task_2/task_2.egg-info/SOURCES.txt'
[1.006s] adding license file 'LICENSE'
[1.007s] writing manifest file '../../build/task_2/task_2.egg-info/SOURCES.txt'
[1.007s] running build
[1.007s] running build_py
[1.007s] copying task_2/ClientNode.py -> /home/elijah/sim_ws/build/task_2/build/lib/task_2
[1.007s] running install
[1.008s] running install_lib
[1.008s] copying /home/elijah/sim_ws/build/task_2/build/lib/task_2/ClientNode.py -> /home/elijah/sim_ws/install/task_2/lib/python3.10/site-packages/task_2
[1.009s] byte-compiling /home/elijah/sim_ws/install/task_2/lib/python3.10/site-packages/task_2/ClientNode.py to ClientNode.cpython-310.pyc
[1.010s] running install_data
[1.010s] running install_egg_info
[1.012s] removing '/home/elijah/sim_ws/install/task_2/lib/python3.10/site-packages/task_2-0.0.0-py3.10.egg-info' (and everything under it)
[1.012s] Copying ../../build/task_2/task_2.egg-info to /home/elijah/sim_ws/install/task_2/lib/python3.10/site-packages/task_2-0.0.0-py3.10.egg-info
[1.013s] running install_scripts
[1.037s] Installing client script to /home/elijah/sim_ws/install/task_2/lib/task_2
[1.037s] Installing listener script to /home/elijah/sim_ws/install/task_2/lib/task_2
[1.038s] Installing service script to /home/elijah/sim_ws/install/task_2/lib/task_2
[1.038s] Installing talker script to /home/elijah/sim_ws/install/task_2/lib/task_2
[1.038s] writing list of installed files to '/home/elijah/sim_ws/build/task_2/install.log'
[1.059s] Invoked command in '/home/elijah/sim_ws/src/task_2' returned '0': CMAKE_PREFIX_PATH=/home/elijah/sim_ws/install/task_2_interfaces:/home/elijah/sim_ws/install/turtlebot3_gazebo PYTHONPATH=/home/elijah/sim_ws/build/task_2/prefix_override:/usr/lib/python3/dist-packages/colcon_core/task/python/colcon_distutils_commands:/home/elijah/sim_ws/install/task_2/lib/python3.10/site-packages:${PYTHONPATH} /usr/bin/python3 -W ignore:setup.py install is deprecated -W ignore:easy_install command is deprecated setup.py egg_info --egg-base ../../build/task_2 build --build-base /home/elijah/sim_ws/build/task_2/build install --record /home/elijah/sim_ws/build/task_2/install.log --single-version-externally-managed install_data
