[1.297s] Invoking command in '/home/elijah/sim_ws/src/task_2': CMAKE_PREFIX_PATH=/home/elijah/sim_ws/install/task_2_interfaces:/home/elijah/sim_ws/install/turtlebot3_gazebo PYTHONPATH=/home/elijah/sim_ws/build/task_2/prefix_override:/usr/lib/python3/dist-packages/colcon_core/task/python/colcon_distutils_commands:/home/elijah/sim_ws/install/task_2/lib/python3.10/site-packages:${PYTHONPATH} /usr/bin/python3 -W ignore:setup.py install is deprecated -W ignore:easy_install command is deprecated setup.py egg_info --egg-base ../../build/task_2 build --build-base /home/elijah/sim_ws/build/task_2/build install --record /home/elijah/sim_ws/build/task_2/install.log --single-version-externally-managed install_data
[1.707s] running egg_info
[1.708s] writing ../../build/task_2/task_2.egg-info/PKG-INFO
[1.708s] writing dependency_links to ../../build/task_2/task_2.egg-info/dependency_links.txt
[1.708s] writing entry points to ../../build/task_2/task_2.egg-info/entry_points.txt
[1.708s] writing requirements to ../../build/task_2/task_2.egg-info/requires.txt
[1.709s] writing top-level names to ../../build/task_2/task_2.egg-info/top_level.txt
[1.711s] reading manifest file '../../build/task_2/task_2.egg-info/SOURCES.txt'
[1.711s] adding license file 'LICENSE'
[1.712s] writing manifest file '../../build/task_2/task_2.egg-info/SOURCES.txt'
[1.712s] running build
[1.712s] running build_py
[1.713s] running install
[1.713s] running install_lib
[1.715s] running install_data
[1.715s] running install_egg_info
[1.717s] removing '/home/elijah/sim_ws/install/task_2/lib/python3.10/site-packages/task_2-0.0.0-py3.10.egg-info' (and everything under it)
[1.717s] Copying ../../build/task_2/task_2.egg-info to /home/elijah/sim_ws/install/task_2/lib/python3.10/site-packages/task_2-0.0.0-py3.10.egg-info
[1.718s] running install_scripts
[1.745s] Installing client script to /home/elijah/sim_ws/install/task_2/lib/task_2
[1.746s] Installing listener script to /home/elijah/sim_ws/install/task_2/lib/task_2
[1.746s] Installing service script to /home/elijah/sim_ws/install/task_2/lib/task_2
[1.746s] Installing talker script to /home/elijah/sim_ws/install/task_2/lib/task_2
[1.747s] writing list of installed files to '/home/elijah/sim_ws/build/task_2/install.log'
[1.777s] Invoked command in '/home/elijah/sim_ws/src/task_2' returned '0': CMAKE_PREFIX_PATH=/home/elijah/sim_ws/install/task_2_interfaces:/home/elijah/sim_ws/install/turtlebot3_gazebo PYTHONPATH=/home/elijah/sim_ws/build/task_2/prefix_override:/usr/lib/python3/dist-packages/colcon_core/task/python/colcon_distutils_commands:/home/elijah/sim_ws/install/task_2/lib/python3.10/site-packages:${PYTHONPATH} /usr/bin/python3 -W ignore:setup.py install is deprecated -W ignore:easy_install command is deprecated setup.py egg_info --egg-base ../../build/task_2 build --build-base /home/elijah/sim_ws/build/task_2/build install --record /home/elijah/sim_ws/build/task_2/install.log --single-version-externally-managed install_data
