[1.413s] Invoking command in '/home/elijah/sim_ws/src/task_3': PYTHONPATH=/home/elijah/sim_ws/build/task_3/prefix_override:/usr/lib/python3/dist-packages/colcon_core/task/python/colcon_distutils_commands:/home/elijah/sim_ws/install/task_3/lib/python3.10/site-packages:${PYTHONPATH} /usr/bin/python3 -W ignore:setup.py install is deprecated -W ignore:easy_install command is deprecated setup.py egg_info --egg-base ../../build/task_3 build --build-base /home/elijah/sim_ws/build/task_3/build install --record /home/elijah/sim_ws/build/task_3/install.log --single-version-externally-managed install_data
[1.810s] running egg_info
[1.811s] writing ../../build/task_3/task_3.egg-info/PKG-INFO
[1.811s] writing dependency_links to ../../build/task_3/task_3.egg-info/dependency_links.txt
[1.811s] writing entry points to ../../build/task_3/task_3.egg-info/entry_points.txt
[1.811s] writing requirements to ../../build/task_3/task_3.egg-info/requires.txt
[1.811s] writing top-level names to ../../build/task_3/task_3.egg-info/top_level.txt
[1.813s] reading manifest file '../../build/task_3/task_3.egg-info/SOURCES.txt'
[1.818s] adding license file 'LICENSE'
[1.819s] writing manifest file '../../build/task_3/task_3.egg-info/SOURCES.txt'
[1.819s] running build
[1.819s] running build_py
[1.819s] copying task_3/pid_controller.py -> /home/elijah/sim_ws/build/task_3/build/lib/task_3
[1.819s] running install
[1.820s] running install_lib
[1.820s] copying /home/elijah/sim_ws/build/task_3/build/lib/task_3/pid_controller.py -> /home/elijah/sim_ws/install/task_3/lib/python3.10/site-packages/task_3
[1.821s] byte-compiling /home/elijah/sim_ws/install/task_3/lib/python3.10/site-packages/task_3/pid_controller.py to pid_controller.cpython-310.pyc
[1.822s] running install_data
[1.822s] copying launch/pid_control_launch.py -> /home/elijah/sim_ws/install/task_3/share/task_3/launch
[1.822s] running install_egg_info
[1.824s] removing '/home/elijah/sim_ws/install/task_3/lib/python3.10/site-packages/task_3-0.0.0-py3.10.egg-info' (and everything under it)
[1.825s] Copying ../../build/task_3/task_3.egg-info to /home/elijah/sim_ws/install/task_3/lib/python3.10/site-packages/task_3-0.0.0-py3.10.egg-info
[1.825s] running install_scripts
[1.849s] Installing pid_speed_controller script to /home/elijah/sim_ws/install/task_3/lib/task_3
[1.849s] writing list of installed files to '/home/elijah/sim_ws/build/task_3/install.log'
[1.873s] Invoked command in '/home/elijah/sim_ws/src/task_3' returned '0': PYTHONPATH=/home/elijah/sim_ws/build/task_3/prefix_override:/usr/lib/python3/dist-packages/colcon_core/task/python/colcon_distutils_commands:/home/elijah/sim_ws/install/task_3/lib/python3.10/site-packages:${PYTHONPATH} /usr/bin/python3 -W ignore:setup.py install is deprecated -W ignore:easy_install command is deprecated setup.py egg_info --egg-base ../../build/task_3 build --build-base /home/elijah/sim_ws/build/task_3/build install --record /home/elijah/sim_ws/build/task_3/install.log --single-version-externally-managed install_data
